<?xml version="1.0" encoding="UTF-8" standalone="yes"?><!DOCTYPE report PUBLIC "-//JACOCO//DTD Report 1.1//EN" "report.dtd"><report name="argo_idl"><sessioninfo id="c19f0dcd8267-d9d9019e" start="1606328338086" dump="1606328342483"/><package name="org/argouml/uml/reveng/idl"><class name="org/argouml/uml/reveng/idl/UnsupportedJavaFeatureException" sourcefilename="ClassifierNotFoundException.java"><method name="&lt;init&gt;" desc="(Ljava/lang/String;Ljava/lang/String;)V" line="65"><counter type="INSTRUCTION" missed="15" covered="0"/><counter type="LINE" missed="2" covered="0"/><counter type="COMPLEXITY" missed="1" covered="0"/><counter type="METHOD" missed="1" covered="0"/></method><counter type="INSTRUCTION" missed="15" covered="0"/><counter type="LINE" missed="2" covered="0"/><counter type="COMPLEXITY" missed="1" covered="0"/><counter type="METHOD" missed="1" covered="0"/><counter type="CLASS" missed="1" covered="0"/></class><class name="org/argouml/uml/reveng/idl/ClassifierContext" sourcefilename="ClassifierContext.java"><method name="&lt;init&gt;" desc="(Lorg/argouml/uml/reveng/idl/Context;Ljava/lang/Object;)V" line="64"><counter type="INSTRUCTION" missed="7" covered="0"/><counter type="LINE" missed="3" covered="0"/><counter type="COMPLEXITY" missed="1" covered="0"/><counter type="METHOD" missed="1" covered="0"/></method><method name="getInterface" desc="(Ljava/lang/String;)Ljava/lang/Object;" line="71"><counter type="INSTRUCTION" missed="5" covered="0"/><counter type="LINE" missed="1" covered="0"/><counter type="COMPLEXITY" missed="1" covered="0"/><counter type="METHOD" missed="1" covered="0"/></method><method name="get" desc="(Ljava/lang/String;)Ljava/lang/Object;" line="82"><counter type="INSTRUCTION" missed="5" covered="0"/><counter type="LINE" missed="1" covered="0"/><counter type="COMPLEXITY" missed="1" covered="0"/><counter type="METHOD" missed="1" covered="0"/></method><method name="get" desc="(Ljava/lang/String;Z)Ljava/lang/Object;" line="96"><counter type="INSTRUCTION" missed="28" covered="0"/><counter type="BRANCH" missed="8" covered="0"/><counter type="LINE" missed="6" covered="0"/><counter type="COMPLEXITY" missed="5" covered="0"/><counter type="METHOD" missed="1" covered="0"/></method><counter type="INSTRUCTION" missed="45" covered="0"/><counter type="BRANCH" missed="8" covered="0"/><counter type="LINE" missed="11" covered="0"/><counter type="COMPLEXITY" missed="8" covered="0"/><counter type="METHOD" missed="4" covered="0"/><counter type="CLASS" missed="1" covered="0"/></class><class name="org/argouml/uml/reveng/idl/OuterClassifierContext" sourcefilename="OuterClassifierContext.java"><method name="&lt;init&gt;" desc="(Lorg/argouml/uml/reveng/idl/Context;Ljava/lang/Object;Ljava/lang/Object;Ljava/lang/String;)V" line="81"><counter type="INSTRUCTION" missed="18" covered="0"/><counter type="LINE" missed="6" covered="0"/><counter type="COMPLEXITY" missed="1" covered="0"/><counter type="METHOD" missed="1" covered="0"/></method><method name="getInterface" desc="(Ljava/lang/String;)Ljava/lang/Object;" line="90"><counter type="INSTRUCTION" missed="5" covered="0"/><counter type="LINE" missed="1" covered="0"/><counter type="COMPLEXITY" missed="1" covered="0"/><counter type="METHOD" missed="1" covered="0"/></method><method name="get" desc="(Ljava/lang/String;)Ljava/lang/Object;" line="104"><counter type="INSTRUCTION" missed="5" covered="0"/><counter type="LINE" missed="1" covered="0"/><counter type="COMPLEXITY" missed="1" covered="0"/><counter type="METHOD" missed="1" covered="0"/></method><method name="get" desc="(Ljava/lang/String;Z)Ljava/lang/Object;" line="110"><counter type="INSTRUCTION" missed="147" covered="0"/><counter type="BRANCH" missed="18" covered="0"/><counter type="LINE" missed="34" covered="0"/><counter type="COMPLEXITY" missed="10" covered="0"/><counter type="METHOD" missed="1" covered="0"/></method><method name="&lt;clinit&gt;" desc="()V" line="54"><counter type="INSTRUCTION" missed="5" covered="0"/><counter type="LINE" missed="2" covered="0"/><counter type="COMPLEXITY" missed="1" covered="0"/><counter type="METHOD" missed="1" covered="0"/></method><counter type="INSTRUCTION" missed="180" covered="0"/><counter type="BRANCH" missed="18" covered="0"/><counter type="LINE" missed="44" covered="0"/><counter type="COMPLEXITY" missed="14" covered="0"/><counter type="METHOD" missed="5" covered="0"/><counter type="CLASS" missed="1" covered="0"/></class><class name="org/argouml/uml/reveng/idl/IDLParser" sourcefilename="IDLParser.java"><method name="getModeler" desc="()Lorg/argouml/uml/reveng/idl/Modeler;" line="88"><counter type="INSTRUCTION" missed="3" covered="0"/><counter type="LINE" missed="1" covered="0"/><counter type="COMPLEXITY" missed="1" covered="0"/><counter type="METHOD" missed="1" covered="0"/></method><method name="setModeler" desc="(Lorg/argouml/uml/reveng/idl/Modeler;)V" line="97"><counter type="INSTRUCTION" missed="4" covered="0"/><counter type="LINE" missed="2" covered="0"/><counter type="COMPLEXITY" missed="1" covered="0"/><counter type="METHOD" missed="1" covered="0"/></method><method name="getSuperclassName" desc="()Ljava/lang/String;" line="104"><counter type="INSTRUCTION" missed="16" covered="0"/><counter type="BRANCH" missed="2" covered="0"/><counter type="LINE" missed="3" covered="0"/><counter type="COMPLEXITY" missed="2" covered="0"/><counter type="METHOD" missed="1" covered="0"/></method><method name="&lt;init&gt;" desc="(Lantlr/TokenBuffer;I)V" line="72"><counter type="INSTRUCTION" missed="33" covered="0"/><counter type="LINE" missed="8" covered="0"/><counter type="COMPLEXITY" missed="1" covered="0"/><counter type="METHOD" missed="1" covered="0"/></method><method name="&lt;init&gt;" desc="(Lantlr/TokenBuffer;)V" line="119"><counter type="INSTRUCTION" missed="5" covered="0"/><counter type="LINE" missed="2" covered="0"/><counter type="COMPLEXITY" missed="1" covered="0"/><counter type="METHOD" missed="1" covered="0"/></method><method name="&lt;init&gt;" desc="(Lantlr/TokenStream;I)V" line="72"><counter type="INSTRUCTION" missed="33" covered="0"/><counter type="LINE" missed="8" covered="0"/><counter type="COMPLEXITY" missed="1" covered="0"/><counter type="METHOD" missed="1" covered="0"/></method><method name="&lt;init&gt;" desc="(Lantlr/TokenStream;)V" line="130"><counter type="INSTRUCTION" missed="5" covered="0"/><counter type="LINE" missed="2" covered="0"/><counter type="COMPLEXITY" missed="1" covered="0"/><counter type="METHOD" missed="1" covered="0"/></method><method name="&lt;init&gt;" desc="(Lantlr/ParserSharedInputState;)V" line="72"><counter type="INSTRUCTION" missed="33" covered="0"/><counter type="LINE" missed="8" covered="0"/><counter type="COMPLEXITY" missed="1" covered="0"/><counter type="METHOD" missed="1" covered="0"/></method><method name="specification" desc="(Lorg/argouml/uml/reveng/idl/Modeler;)V" line="144"><counter type="INSTRUCTION" missed="84" covered="0"/><counter type="BRANCH" missed="8" covered="0"/><counter type="LINE" missed="24" covered="0"/><counter type="COMPLEXITY" missed="5" covered="0"/><counter type="METHOD" missed="1" covered="0"/></method><method name="import_dcl" desc="()V" line="196"><counter type="INSTRUCTION" missed="60" covered="0"/><counter type="BRANCH" missed="2" covered="0"/><counter type="LINE" missed="19" covered="0"/><counter type="COMPLEXITY" missed="2" covered="0"/><counter type="METHOD" missed="1" covered="0"/></method><method name="definition" desc="()V" line="223"><counter type="INSTRUCTION" missed="448" covered="0"/><counter type="BRANCH" missed="69" covered="0"/><counter type="LINE" missed="112" covered="0"/><counter type="COMPLEXITY" missed="42" covered="0"/><counter type="METHOD" missed="1" covered="0"/></method><method name="type_dcl" desc="()V" line="442"><counter type="INSTRUCTION" missed="263" covered="0"/><counter type="BRANCH" missed="30" covered="0"/><counter type="LINE" missed="67" covered="0"/><counter type="COMPLEXITY" missed="17" covered="0"/><counter type="METHOD" missed="1" covered="0"/></method><method name="const_dcl" desc="()V" line="544"><counter type="INSTRUCTION" missed="77" covered="0"/><counter type="BRANCH" missed="2" covered="0"/><counter type="LINE" missed="23" covered="0"/><counter type="COMPLEXITY" missed="2" covered="0"/><counter type="METHOD" missed="1" covered="0"/></method><method name="except_dcl" desc="()V" line="575"><counter type="INSTRUCTION" missed="72" covered="0"/><counter type="BRANCH" missed="2" covered="0"/><counter type="LINE" missed="22" covered="0"/><counter type="COMPLEXITY" missed="2" covered="0"/><counter type="METHOD" missed="1" covered="0"/></method><method name="interf" desc="()V" line="605"><counter type="INSTRUCTION" missed="134" covered="0"/><counter type="BRANCH" missed="9" covered="0"/><counter type="LINE" missed="38" covered="0"/><counter type="COMPLEXITY" missed="7" covered="0"/><counter type="METHOD" missed="1" covered="0"/></method><method name="module" desc="()V" line="679"><counter type="INSTRUCTION" missed="101" covered="0"/><counter type="BRANCH" missed="6" covered="0"/><counter type="LINE" missed="30" covered="0"/><counter type="COMPLEXITY" missed="4" covered="0"/><counter type="METHOD" missed="1" covered="0"/></method><method name="value" desc="()V" line="720"><counter type="INSTRUCTION" missed="146" covered="0"/><counter type="BRANCH" missed="27" covered="0"/><counter type="LINE" missed="29" covered="0"/><counter type="COMPLEXITY" missed="15" covered="0"/><counter type="METHOD" missed="1" covered="0"/></method><method name="type_id_dcl" desc="()V" line="772"><counter type="INSTRUCTION" missed="66" covered="0"/><counter type="BRANCH" missed="2" covered="0"/><counter type="LINE" missed="20" covered="0"/><counter type="COMPLEXITY" missed="2" covered="0"/><counter type="METHOD" missed="1" covered="0"/></method><method name="type_prefix_dcl" desc="()V" line="800"><counter type="INSTRUCTION" missed="66" covered="0"/><counter type="BRANCH" missed="2" covered="0"/><counter type="LINE" missed="20" covered="0"/><counter type="COMPLEXITY" missed="2" covered="0"/><counter type="METHOD" missed="1" covered="0"/></method><method name="event" desc="()V" line="828"><counter type="INSTRUCTION" missed="72" covered="0"/><counter type="BRANCH" missed="6" covered="0"/><counter type="LINE" missed="23" covered="0"/><counter type="COMPLEXITY" missed="5" covered="0"/><counter type="METHOD" missed="1" covered="0"/></method><method name="component" desc="()V" line="874"><counter type="INSTRUCTION" missed="81" covered="0"/><counter type="BRANCH" missed="5" covered="0"/><counter type="LINE" missed="24" covered="0"/><counter type="COMPLEXITY" missed="4" covered="0"/><counter type="METHOD" missed="1" covered="0"/></method><method name="home_dcl" desc="()V" line="920"><counter type="INSTRUCTION" missed="48" covered="0"/><counter type="BRANCH" missed="2" covered="0"/><counter type="LINE" missed="16" covered="0"/><counter type="COMPLEXITY" missed="2" covered="0"/><counter type="METHOD" missed="1" covered="0"/></method><method name="identifier" desc="()Ljava/lang/String;" line="943"><counter type="INSTRUCTION" missed="63" covered="0"/><counter type="BRANCH" missed="4" covered="0"/><counter type="LINE" missed="21" covered="0"/><counter type="COMPLEXITY" missed="3" covered="0"/><counter type="METHOD" missed="1" covered="0"/></method><method name="definition_list" desc="()V" line="975"><counter type="INSTRUCTION" missed="64" covered="0"/><counter type="BRANCH" missed="6" covered="0"/><counter type="LINE" missed="19" covered="0"/><counter type="COMPLEXITY" missed="4" covered="0"/><counter type="METHOD" missed="1" covered="0"/></method><method name="interface_dcl" desc="(Ljava/lang/String;)V" line="1012"><counter type="INSTRUCTION" missed="81" covered="0"/><counter type="BRANCH" missed="8" covered="0"/><counter type="LINE" missed="24" covered="0"/><counter type="COMPLEXITY" missed="5" covered="0"/><counter type="METHOD" missed="1" covered="0"/></method><method name="interface_header" desc="()V" line="1047"><counter type="INSTRUCTION" missed="55" covered="0"/><counter type="BRANCH" missed="5" covered="0"/><counter type="LINE" missed="18" covered="0"/><counter type="COMPLEXITY" missed="4" covered="0"/><counter type="METHOD" missed="1" covered="0"/></method><method name="interface_body" desc="()V" line="1085"><counter type="INSTRUCTION" missed="47" covered="0"/><counter type="BRANCH" missed="4" covered="0"/><counter type="LINE" missed="15" covered="0"/><counter type="COMPLEXITY" missed="3" covered="0"/><counter type="METHOD" missed="1" covered="0"/></method><method name="interface_inheritance_spec" desc="()V" line="1118"><counter type="INSTRUCTION" missed="57" covered="0"/><counter type="BRANCH" missed="2" covered="0"/><counter type="LINE" missed="18" covered="0"/><counter type="COMPLEXITY" missed="2" covered="0"/><counter type="METHOD" missed="1" covered="0"/></method><method name="export" desc="()V" line="1144"><counter type="INSTRUCTION" missed="129" covered="0"/><counter type="BRANCH" missed="10" covered="0"/><counter type="LINE" missed="42" covered="0"/><counter type="COMPLEXITY" missed="9" covered="0"/><counter type="METHOD" missed="1" covered="0"/></method><method name="attr_dcl" desc="()V" line="1243"><counter type="INSTRUCTION" missed="66" covered="0"/><counter type="BRANCH" missed="5" covered="0"/><counter type="LINE" missed="21" covered="0"/><counter type="COMPLEXITY" missed="4" covered="0"/><counter type="METHOD" missed="1" covered="0"/></method><method name="op_dcl" desc="()V" line="1282"><counter type="INSTRUCTION" missed="165" covered="0"/><counter type="BRANCH" missed="15" covered="0"/><counter type="LINE" missed="42" covered="0"/><counter type="COMPLEXITY" missed="10" covered="0"/><counter type="METHOD" missed="1" covered="0"/></method><method name="scoped_name_list" desc="()V" line="1387"><counter type="INSTRUCTION" missed="82" covered="0"/><counter type="BRANCH" missed="8" covered="0"/><counter type="LINE" missed="22" covered="0"/><counter type="COMPLEXITY" missed="5" covered="0"/><counter type="METHOD" missed="1" covered="0"/></method><method name="interface_name" desc="()V" line="1428"><counter type="INSTRUCTION" missed="57" covered="0"/><counter type="BRANCH" missed="4" covered="0"/><counter type="LINE" missed="17" covered="0"/><counter type="COMPLEXITY" missed="3" covered="0"/><counter type="METHOD" missed="1" covered="0"/></method><method name="scoped_name" desc="()Ljava/lang/String;" line="1453"><counter type="INSTRUCTION" missed="110" covered="0"/><counter type="BRANCH" missed="9" covered="0"/><counter type="LINE" missed="32" covered="0"/><counter type="COMPLEXITY" missed="6" covered="0"/><counter type="METHOD" missed="1" covered="0"/></method><method name="value_dcl" desc="()V" line="1518"><counter type="INSTRUCTION" missed="61" covered="0"/><counter type="BRANCH" missed="4" covered="0"/><counter type="LINE" missed="19" covered="0"/><counter type="COMPLEXITY" missed="3" covered="0"/><counter type="METHOD" missed="1" covered="0"/></method><method name="value_abs_dcl" desc="()V" line="1555"><counter type="INSTRUCTION" missed="98" covered="0"/><counter type="BRANCH" missed="5" covered="0"/><counter type="LINE" missed="28" covered="0"/><counter type="COMPLEXITY" missed="4" covered="0"/><counter type="METHOD" missed="1" covered="0"/></method><method name="value_box_dcl" desc="()V" line="1605"><counter type="INSTRUCTION" missed="66" covered="0"/><counter type="BRANCH" missed="2" covered="0"/><counter type="LINE" missed="20" covered="0"/><counter type="COMPLEXITY" missed="2" covered="0"/><counter type="METHOD" missed="1" covered="0"/></method><method name="value_custom_dcl" desc="()V" line="1633"><counter type="INSTRUCTION" missed="57" covered="0"/><counter type="BRANCH" missed="2" covered="0"/><counter type="LINE" missed="18" covered="0"/><counter type="COMPLEXITY" missed="2" covered="0"/><counter type="METHOD" missed="1" covered="0"/></method><method name="value_forward_dcl" desc="()V" line="1659"><counter type="INSTRUCTION" missed="58" covered="0"/><counter type="BRANCH" missed="2" covered="0"/><counter type="LINE" missed="18" covered="0"/><counter type="COMPLEXITY" missed="2" covered="0"/><counter type="METHOD" missed="1" covered="0"/></method><method name="type_spec" desc="()V" line="1685"><counter type="INSTRUCTION" missed="66" covered="0"/><counter type="BRANCH" missed="5" covered="0"/><counter type="LINE" missed="21" covered="0"/><counter type="COMPLEXITY" missed="4" covered="0"/><counter type="METHOD" missed="1" covered="0"/></method><method name="value_abs_full_dcl" desc="()V" line="1743"><counter type="INSTRUCTION" missed="61" covered="0"/><counter type="BRANCH" missed="4" covered="0"/><counter type="LINE" missed="19" covered="0"/><counter type="COMPLEXITY" missed="3" covered="0"/><counter type="METHOD" missed="1" covered="0"/></method><method name="value_inheritance_spec" desc="()V" line="1780"><counter type="INSTRUCTION" missed="78" covered="0"/><counter type="BRANCH" missed="8" covered="0"/><counter type="LINE" missed="24" covered="0"/><counter type="COMPLEXITY" missed="6" covered="0"/><counter type="METHOD" missed="1" covered="0"/></method><method name="value_header" desc="()V" line="1837"><counter type="INSTRUCTION" missed="66" covered="0"/><counter type="BRANCH" missed="2" covered="0"/><counter type="LINE" missed="20" covered="0"/><counter type="COMPLEXITY" missed="2" covered="0"/><counter type="METHOD" missed="1" covered="0"/></method><method name="value_element" desc="()V" line="1865"><counter type="INSTRUCTION" missed="72" covered="0"/><counter type="BRANCH" missed="6" covered="0"/><counter type="LINE" missed="23" covered="0"/><counter type="COMPLEXITY" missed="5" covered="0"/><counter type="METHOD" missed="1" covered="0"/></method><method name="value_value_inheritance_spec" desc="()V" line="1940"><counter type="INSTRUCTION" missed="106" covered="0"/><counter type="BRANCH" missed="7" covered="0"/><counter type="LINE" missed="30" covered="0"/><counter type="COMPLEXITY" missed="5" covered="0"/><counter type="METHOD" missed="1" covered="0"/></method><method name="value_interface_inheritance_spec" desc="()V" line="2001"><counter type="INSTRUCTION" missed="74" covered="0"/><counter type="BRANCH" missed="4" covered="0"/><counter type="LINE" missed="22" covered="0"/><counter type="COMPLEXITY" missed="3" covered="0"/><counter type="METHOD" missed="1" covered="0"/></method><method name="value_name" desc="()V" line="2041"><counter type="INSTRUCTION" missed="41" covered="0"/><counter type="BRANCH" missed="2" covered="0"/><counter type="LINE" missed="14" covered="0"/><counter type="COMPLEXITY" missed="2" covered="0"/><counter type="METHOD" missed="1" covered="0"/></method><method name="state_member" desc="()V" line="2063"><counter type="INSTRUCTION" missed="100" covered="0"/><counter type="BRANCH" missed="5" covered="0"/><counter type="LINE" missed="29" covered="0"/><counter type="COMPLEXITY" missed="4" covered="0"/><counter type="METHOD" missed="1" covered="0"/></method><method name="init_dcl" desc="()V" line="2112"><counter type="INSTRUCTION" missed="113" covered="0"/><counter type="BRANCH" missed="8" covered="0"/><counter type="LINE" missed="33" covered="0"/><counter type="COMPLEXITY" missed="6" covered="0"/><counter type="METHOD" missed="1" covered="0"/></method><method name="declarators" desc="()V" line="2177"><counter type="INSTRUCTION" missed="57" covered="0"/><counter type="BRANCH" missed="4" covered="0"/><counter type="LINE" missed="18" covered="0"/><counter type="COMPLEXITY" missed="3" covered="0"/><counter type="METHOD" missed="1" covered="0"/></method><method name="init_param_decls" desc="()V" line="2213"><counter type="INSTRUCTION" missed="57" covered="0"/><counter type="BRANCH" missed="4" covered="0"/><counter type="LINE" missed="18" covered="0"/><counter type="COMPLEXITY" missed="3" covered="0"/><counter type="METHOD" missed="1" covered="0"/></method><method name="raises_expr" desc="()V" line="2249"><counter type="INSTRUCTION" missed="63" covered="0"/><counter type="BRANCH" missed="2" covered="0"/><counter type="LINE" missed="20" covered="0"/><counter type="COMPLEXITY" missed="2" covered="0"/><counter type="METHOD" missed="1" covered="0"/></method><method name="init_param_decl" desc="()V" line="2277"><counter type="INSTRUCTION" missed="57" covered="0"/><counter type="BRANCH" missed="2" covered="0"/><counter type="LINE" missed="18" covered="0"/><counter type="COMPLEXITY" missed="2" covered="0"/><counter type="METHOD" missed="1" covered="0"/></method><method name="init_param_attribute" desc="()V" line="2303"><counter type="INSTRUCTION" missed="49" covered="0"/><counter type="BRANCH" missed="2" covered="0"/><counter type="LINE" missed="16" covered="0"/><counter type="COMPLEXITY" missed="2" covered="0"/><counter type="METHOD" missed="1" covered="0"/></method><method name="param_type_spec" desc="()V" line="2327"><counter type="INSTRUCTION" missed="91" covered="0"/><counter type="BRANCH" missed="7" covered="0"/><counter type="LINE" missed="29" covered="0"/><counter type="COMPLEXITY" missed="6" covered="0"/><counter type="METHOD" missed="1" covered="0"/></method><method name="simple_declarator" desc="()Ljava/lang/String;" line="2391"><counter type="INSTRUCTION" missed="52" covered="0"/><counter type="BRANCH" missed="4" covered="0"/><counter type="LINE" missed="18" covered="0"/><counter type="COMPLEXITY" missed="3" covered="0"/><counter type="METHOD" missed="1" covered="0"/></method><method name="const_type" desc="()V" line="2420"><counter type="INSTRUCTION" missed="277" covered="0"/><counter type="BRANCH" missed="45" covered="0"/><counter type="LINE" missed="64" covered="0"/><counter type="COMPLEXITY" missed="27" covered="0"/><counter type="METHOD" missed="1" covered="0"/></method><method name="const_exp" desc="()V" line="2528"><counter type="INSTRUCTION" missed="40" covered="0"/><counter type="BRANCH" missed="2" covered="0"/><counter type="LINE" missed="14" covered="0"/><counter type="COMPLEXITY" missed="2" covered="0"/><counter type="METHOD" missed="1" covered="0"/></method><method name="integer_type" desc="()V" line="2550"><counter type="INSTRUCTION" missed="66" covered="0"/><counter type="BRANCH" missed="5" covered="0"/><counter type="LINE" missed="21" covered="0"/><counter type="COMPLEXITY" missed="4" covered="0"/><counter type="METHOD" missed="1" covered="0"/></method><method name="char_type" desc="()V" line="2590"><counter type="INSTRUCTION" missed="49" covered="0"/><counter type="BRANCH" missed="2" covered="0"/><counter type="LINE" missed="16" covered="0"/><counter type="COMPLEXITY" missed="2" covered="0"/><counter type="METHOD" missed="1" covered="0"/></method><method name="wide_char_type" desc="()V" line="2614"><counter type="INSTRUCTION" missed="49" covered="0"/><counter type="BRANCH" missed="2" covered="0"/><counter type="LINE" missed="16" covered="0"/><counter type="COMPLEXITY" missed="2" covered="0"/><counter type="METHOD" missed="1" covered="0"/></method><method name="boolean_type" desc="()V" line="2638"><counter type="INSTRUCTION" missed="49" covered="0"/><counter type="BRANCH" missed="2" covered="0"/><counter type="LINE" missed="16" covered="0"/><counter type="COMPLEXITY" missed="2" covered="0"/><counter type="METHOD" missed="1" covered="0"/></method><method name="floating_pt_type" desc="()V" line="2662"><counter type="INSTRUCTION" missed="122" covered="0"/><counter type="BRANCH" missed="6" covered="0"/><counter type="LINE" missed="35" covered="0"/><counter type="COMPLEXITY" missed="5" covered="0"/><counter type="METHOD" missed="1" covered="0"/></method><method name="string_type" desc="()V" line="2718"><counter type="INSTRUCTION" missed="78" covered="0"/><counter type="BRANCH" missed="5" covered="0"/><counter type="LINE" missed="24" covered="0"/><counter type="COMPLEXITY" missed="4" covered="0"/><counter type="METHOD" missed="1" covered="0"/></method><method name="wide_string_type" desc="()V" line="2765"><counter type="INSTRUCTION" missed="78" covered="0"/><counter type="BRANCH" missed="5" covered="0"/><counter type="LINE" missed="24" covered="0"/><counter type="COMPLEXITY" missed="4" covered="0"/><counter type="METHOD" missed="1" covered="0"/></method><method name="fixed_pt_const_type" desc="()V" line="2812"><counter type="INSTRUCTION" missed="49" covered="0"/><counter type="BRANCH" missed="2" covered="0"/><counter type="LINE" missed="16" covered="0"/><counter type="COMPLEXITY" missed="2" covered="0"/><counter type="METHOD" missed="1" covered="0"/></method><method name="octet_type" desc="()V" line="2836"><counter type="INSTRUCTION" missed="49" covered="0"/><counter type="BRANCH" missed="2" covered="0"/><counter type="LINE" missed="16" covered="0"/><counter type="COMPLEXITY" missed="2" covered="0"/><counter type="METHOD" missed="1" covered="0"/></method><method name="or_expr" desc="()V" line="2860"><counter type="INSTRUCTION" missed="71" covered="0"/><counter type="BRANCH" missed="4" covered="0"/><counter type="LINE" missed="22" covered="0"/><counter type="COMPLEXITY" missed="3" covered="0"/><counter type="METHOD" missed="1" covered="0"/></method><method name="xor_expr" desc="()V" line="2899"><counter type="INSTRUCTION" missed="71" covered="0"/><counter type="BRANCH" missed="4" covered="0"/><counter type="LINE" missed="22" covered="0"/><counter type="COMPLEXITY" missed="3" covered="0"/><counter type="METHOD" missed="1" covered="0"/></method><method name="and_expr" desc="()V" line="2938"><counter type="INSTRUCTION" missed="71" covered="0"/><counter type="BRANCH" missed="4" covered="0"/><counter type="LINE" missed="22" covered="0"/><counter type="COMPLEXITY" missed="3" covered="0"/><counter type="METHOD" missed="1" covered="0"/></method><method name="shift_expr" desc="()V" line="2977"><counter type="INSTRUCTION" missed="108" covered="0"/><counter type="BRANCH" missed="9" covered="0"/><counter type="LINE" missed="29" covered="0"/><counter type="COMPLEXITY" missed="6" covered="0"/><counter type="METHOD" missed="1" covered="0"/></method><method name="add_expr" desc="()V" line="3036"><counter type="INSTRUCTION" missed="108" covered="0"/><counter type="BRANCH" missed="9" covered="0"/><counter type="LINE" missed="29" covered="0"/><counter type="COMPLEXITY" missed="6" covered="0"/><counter type="METHOD" missed="1" covered="0"/></method><method name="mult_expr" desc="()V" line="3095"><counter type="INSTRUCTION" missed="126" covered="0"/><counter type="BRANCH" missed="10" covered="0"/><counter type="LINE" missed="34" covered="0"/><counter type="COMPLEXITY" missed="7" covered="0"/><counter type="METHOD" missed="1" covered="0"/></method><method name="unary_expr" desc="()V" line="3162"><counter type="INSTRUCTION" missed="133" covered="0"/><counter type="BRANCH" missed="9" covered="0"/><counter type="LINE" missed="38" covered="0"/><counter type="COMPLEXITY" missed="7" covered="0"/><counter type="METHOD" missed="1" covered="0"/></method><method name="primary_expr" desc="()V" line="3248"><counter type="INSTRUCTION" missed="113" covered="0"/><counter type="BRANCH" missed="6" covered="0"/><counter type="LINE" missed="33" covered="0"/><counter type="COMPLEXITY" missed="5" covered="0"/><counter type="METHOD" missed="1" covered="0"/></method><method name="literal" desc="()V" line="3313"><counter type="INSTRUCTION" missed="138" covered="0"/><counter type="BRANCH" missed="11" covered="0"/><counter type="LINE" missed="45" covered="0"/><counter type="COMPLEXITY" missed="10" covered="0"/><counter type="METHOD" missed="1" covered="0"/></method><method name="integer_literal" desc="()V" line="3397"><counter type="INSTRUCTION" missed="105" covered="0"/><counter type="BRANCH" missed="6" covered="0"/><counter type="LINE" missed="31" covered="0"/><counter type="COMPLEXITY" missed="5" covered="0"/><counter type="METHOD" missed="1" covered="0"/></method><method name="string_literal" desc="()V" line="3449"><counter type="INSTRUCTION" missed="72" covered="0"/><counter type="BRANCH" missed="6" covered="0"/><counter type="LINE" missed="22" covered="0"/><counter type="COMPLEXITY" missed="4" covered="0"/><counter type="METHOD" missed="1" covered="0"/></method><method name="wide_string_literal" desc="()V" line="3486"><counter type="INSTRUCTION" missed="72" covered="0"/><counter type="BRANCH" missed="6" covered="0"/><counter type="LINE" missed="22" covered="0"/><counter type="COMPLEXITY" missed="4" covered="0"/><counter type="METHOD" missed="1" covered="0"/></method><method name="character_literal" desc="()V" line="3523"><counter type="INSTRUCTION" missed="49" covered="0"/><counter type="BRANCH" missed="2" covered="0"/><counter type="LINE" missed="16" covered="0"/><counter type="COMPLEXITY" missed="2" covered="0"/><counter type="METHOD" missed="1" covered="0"/></method><method name="wide_character_literal" desc="()V" line="3547"><counter type="INSTRUCTION" missed="49" covered="0"/><counter type="BRANCH" missed="2" covered="0"/><counter type="LINE" missed="16" covered="0"/><counter type="COMPLEXITY" missed="2" covered="0"/><counter type="METHOD" missed="1" covered="0"/></method><method name="fixed_pt_literal" desc="()V" line="3571"><counter type="INSTRUCTION" missed="49" covered="0"/><counter type="BRANCH" missed="2" covered="0"/><counter type="LINE" missed="16" covered="0"/><counter type="COMPLEXITY" missed="2" covered="0"/><counter type="METHOD" missed="1" covered="0"/></method><method name="floating_pt_literal" desc="()V" line="3595"><counter type="INSTRUCTION" missed="53" covered="0"/><counter type="BRANCH" missed="2" covered="0"/><counter type="LINE" missed="18" covered="0"/><counter type="COMPLEXITY" missed="2" covered="0"/><counter type="METHOD" missed="1" covered="0"/></method><method name="boolean_literal" desc="()V" line="3621"><counter type="INSTRUCTION" missed="84" covered="0"/><counter type="BRANCH" missed="5" covered="0"/><counter type="LINE" missed="25" covered="0"/><counter type="COMPLEXITY" missed="4" covered="0"/><counter type="METHOD" missed="1" covered="0"/></method><method name="positive_int_const" desc="()V" line="3664"><counter type="INSTRUCTION" missed="40" covered="0"/><counter type="BRANCH" missed="2" covered="0"/><counter type="LINE" missed="14" covered="0"/><counter type="COMPLEXITY" missed="2" covered="0"/><counter type="METHOD" missed="1" covered="0"/></method><method name="type_declarator" desc="()V" line="3686"><counter type="INSTRUCTION" missed="48" covered="0"/><counter type="BRANCH" missed="2" covered="0"/><counter type="LINE" missed="16" covered="0"/><counter type="COMPLEXITY" missed="2" covered="0"/><counter type="METHOD" missed="1" covered="0"/></method><method name="struct_type" desc="()V" line="3710"><counter type="INSTRUCTION" missed="72" covered="0"/><counter type="BRANCH" missed="2" covered="0"/><counter type="LINE" missed="22" covered="0"/><counter type="COMPLEXITY" missed="2" covered="0"/><counter type="METHOD" missed="1" covered="0"/></method><method name="union_type" desc="()V" line="3740"><counter type="INSTRUCTION" missed="89" covered="0"/><counter type="BRANCH" missed="2" covered="0"/><counter type="LINE" missed="27" covered="0"/><counter type="COMPLEXITY" missed="2" covered="0"/><counter type="METHOD" missed="1" covered="0"/></method><method name="enum_type" desc="()V" line="3775"><counter type="INSTRUCTION" missed="72" covered="0"/><counter type="BRANCH" missed="2" covered="0"/><counter type="LINE" missed="22" covered="0"/><counter type="COMPLEXITY" missed="2" covered="0"/><counter type="METHOD" missed="1" covered="0"/></method><method name="constr_forward_decl" desc="()V" line="3805"><counter type="INSTRUCTION" missed="102" covered="0"/><counter type="BRANCH" missed="5" covered="0"/><counter type="LINE" missed="29" covered="0"/><counter type="COMPLEXITY" missed="4" covered="0"/><counter type="METHOD" missed="1" covered="0"/></method><method name="simple_type_spec" desc="()V" line="3852"><counter type="INSTRUCTION" missed="79" covered="0"/><counter type="BRANCH" missed="6" covered="0"/><counter type="LINE" missed="25" covered="0"/><counter type="COMPLEXITY" missed="5" covered="0"/><counter type="METHOD" missed="1" covered="0"/></method><method name="constr_type_spec" desc="()V" line="3913"><counter type="INSTRUCTION" missed="78" covered="0"/><counter type="BRANCH" missed="6" covered="0"/><counter type="LINE" missed="25" covered="0"/><counter type="COMPLEXITY" missed="5" covered="0"/><counter type="METHOD" missed="1" covered="0"/></method><method name="base_type_spec" desc="()V" line="3959"><counter type="INSTRUCTION" missed="238" covered="0"/><counter type="BRANCH" missed="32" covered="0"/><counter type="LINE" missed="60" covered="0"/><counter type="COMPLEXITY" missed="20" covered="0"/><counter type="METHOD" missed="1" covered="0"/></method><method name="template_type_spec" desc="()V" line="4059"><counter type="INSTRUCTION" missed="90" covered="0"/><counter type="BRANCH" missed="7" covered="0"/><counter type="LINE" missed="29" covered="0"/><counter type="COMPLEXITY" missed="6" covered="0"/><counter type="METHOD" missed="1" covered="0"/></method><method name="any_type" desc="()V" line="4112"><counter type="INSTRUCTION" missed="49" covered="0"/><counter type="BRANCH" missed="2" covered="0"/><counter type="LINE" missed="16" covered="0"/><counter type="COMPLEXITY" missed="2" covered="0"/><counter type="METHOD" missed="1" covered="0"/></method><method name="object_type" desc="()V" line="4136"><counter type="INSTRUCTION" missed="49" covered="0"/><counter type="BRANCH" missed="2" covered="0"/><counter type="LINE" missed="16" covered="0"/><counter type="COMPLEXITY" missed="2" covered="0"/><counter type="METHOD" missed="1" covered="0"/></method><method name="value_base_type" desc="()V" line="4160"><counter type="INSTRUCTION" missed="49" covered="0"/><counter type="BRANCH" missed="2" covered="0"/><counter type="LINE" missed="16" covered="0"/><counter type="COMPLEXITY" missed="2" covered="0"/><counter type="METHOD" missed="1" covered="0"/></method><method name="sequence_type" desc="()V" line="4184"><counter type="INSTRUCTION" missed="71" covered="0"/><counter type="BRANCH" missed="2" covered="0"/><counter type="LINE" missed="22" covered="0"/><counter type="COMPLEXITY" missed="2" covered="0"/><counter type="METHOD" missed="1" covered="0"/></method><method name="fixed_pt_type" desc="()V" line="4214"><counter type="INSTRUCTION" missed="74" covered="0"/><counter type="BRANCH" missed="2" covered="0"/><counter type="LINE" missed="23" covered="0"/><counter type="COMPLEXITY" missed="2" covered="0"/><counter type="METHOD" missed="1" covered="0"/></method><method name="declarator" desc="()V" line="4245"><counter type="INSTRUCTION" missed="88" covered="0"/><counter type="BRANCH" missed="12" covered="0"/><counter type="LINE" missed="20" covered="0"/><counter type="COMPLEXITY" missed="7" covered="0"/><counter type="METHOD" missed="1" covered="0"/></method><method name="complex_declarator" desc="()V" line="4278"><counter type="INSTRUCTION" missed="40" covered="0"/><counter type="BRANCH" missed="2" covered="0"/><counter type="LINE" missed="14" covered="0"/><counter type="COMPLEXITY" missed="2" covered="0"/><counter type="METHOD" missed="1" covered="0"/></method><method name="array_declarator" desc="()V" line="4300"><counter type="INSTRUCTION" missed="80" covered="0"/><counter type="BRANCH" missed="6" covered="0"/><counter type="LINE" missed="23" covered="0"/><counter type="COMPLEXITY" missed="4" covered="0"/><counter type="METHOD" missed="1" covered="0"/></method><method name="signed_int" desc="()V" line="4339"><counter type="INSTRUCTION" missed="100" covered="0"/><counter type="BRANCH" missed="12" covered="0"/><counter type="LINE" missed="24" covered="0"/><counter type="COMPLEXITY" missed="7" covered="0"/><counter type="METHOD" missed="1" covered="0"/></method><method name="unsigned_int" desc="()V" line="4377"><counter type="INSTRUCTION" missed="115" covered="0"/><counter type="BRANCH" missed="18" covered="0"/><counter type="LINE" missed="24" covered="0"/><counter type="COMPLEXITY" missed="10" covered="0"/><counter type="METHOD" missed="1" covered="0"/></method><method name="signed_short_int" desc="()V" line="4415"><counter type="INSTRUCTION" missed="49" covered="0"/><counter type="BRANCH" missed="2" covered="0"/><counter type="LINE" missed="16" covered="0"/><counter type="COMPLEXITY" missed="2" covered="0"/><counter type="METHOD" missed="1" covered="0"/></method><method name="signed_long_int" desc="()V" line="4439"><counter type="INSTRUCTION" missed="49" covered="0"/><counter type="BRANCH" missed="2" covered="0"/><counter type="LINE" missed="16" covered="0"/><counter type="COMPLEXITY" missed="2" covered="0"/><counter type="METHOD" missed="1" covered="0"/></method><method name="signed_longlong_int" desc="()V" line="4463"><counter type="INSTRUCTION" missed="66" covered="0"/><counter type="BRANCH" missed="2" covered="0"/><counter type="LINE" missed="20" covered="0"/><counter type="COMPLEXITY" missed="2" covered="0"/><counter type="METHOD" missed="1" covered="0"/></method><method name="unsigned_short_int" desc="()V" line="4491"><counter type="INSTRUCTION" missed="66" covered="0"/><counter type="BRANCH" missed="2" covered="0"/><counter type="LINE" missed="20" covered="0"/><counter type="COMPLEXITY" missed="2" covered="0"/><counter type="METHOD" missed="1" covered="0"/></method><method name="unsigned_long_int" desc="()V" line="4519"><counter type="INSTRUCTION" missed="66" covered="0"/><counter type="BRANCH" missed="2" covered="0"/><counter type="LINE" missed="20" covered="0"/><counter type="COMPLEXITY" missed="2" covered="0"/><counter type="METHOD" missed="1" covered="0"/></method><method name="unsigned_longlong_int" desc="()V" line="4547"><counter type="INSTRUCTION" missed="83" covered="0"/><counter type="BRANCH" missed="2" covered="0"/><counter type="LINE" missed="24" covered="0"/><counter type="COMPLEXITY" missed="2" covered="0"/><counter type="METHOD" missed="1" covered="0"/></method><method name="member_list" desc="()V" line="4579"><counter type="INSTRUCTION" missed="64" covered="0"/><counter type="BRANCH" missed="6" covered="0"/><counter type="LINE" missed="19" covered="0"/><counter type="COMPLEXITY" missed="4" covered="0"/><counter type="METHOD" missed="1" covered="0"/></method><method name="member" desc="()V" line="4614"><counter type="INSTRUCTION" missed="51" covered="0"/><counter type="BRANCH" missed="2" covered="0"/><counter type="LINE" missed="17" covered="0"/><counter type="COMPLEXITY" missed="2" covered="0"/><counter type="METHOD" missed="1" covered="0"/></method><method name="switch_type_spec" desc="()V" line="4639"><counter type="INSTRUCTION" missed="103" covered="0"/><counter type="BRANCH" missed="8" covered="0"/><counter type="LINE" missed="33" covered="0"/><counter type="COMPLEXITY" missed="7" covered="0"/><counter type="METHOD" missed="1" covered="0"/></method><method name="switch_body" desc="()V" line="4702"><counter type="INSTRUCTION" missed="40" covered="0"/><counter type="BRANCH" missed="2" covered="0"/><counter type="LINE" missed="14" covered="0"/><counter type="COMPLEXITY" missed="2" covered="0"/><counter type="METHOD" missed="1" covered="0"/></method><method name="case_stmt_list" desc="()V" line="4724"><counter type="INSTRUCTION" missed="68" covered="0"/><counter type="BRANCH" missed="8" covered="0"/><counter type="LINE" missed="19" covered="0"/><counter type="COMPLEXITY" missed="5" covered="0"/><counter type="METHOD" missed="1" covered="0"/></method><method name="case_stmt" desc="()V" line="4759"><counter type="INSTRUCTION" missed="114" covered="0"/><counter type="BRANCH" missed="7" covered="0"/><counter type="LINE" missed="34" covered="0"/><counter type="COMPLEXITY" missed="5" covered="0"/><counter type="METHOD" missed="1" covered="0"/></method><method name="element_spec" desc="()V" line="4815"><counter type="INSTRUCTION" missed="48" covered="0"/><counter type="BRANCH" missed="2" covered="0"/><counter type="LINE" missed="16" covered="0"/><counter type="COMPLEXITY" missed="2" covered="0"/><counter type="METHOD" missed="1" covered="0"/></method><method name="enumerator_list" desc="()V" line="4839"><counter type="INSTRUCTION" missed="57" covered="0"/><counter type="BRANCH" missed="4" covered="0"/><counter type="LINE" missed="18" covered="0"/><counter type="COMPLEXITY" missed="3" covered="0"/><counter type="METHOD" missed="1" covered="0"/></method><method name="enumerator" desc="()V" line="4875"><counter type="INSTRUCTION" missed="41" covered="0"/><counter type="BRANCH" missed="2" covered="0"/><counter type="LINE" missed="14" covered="0"/><counter type="COMPLEXITY" missed="2" covered="0"/><counter type="METHOD" missed="1" covered="0"/></method><method name="opt_pos_int" desc="()V" line="4897"><counter type="INSTRUCTION" missed="58" covered="0"/><counter type="BRANCH" missed="5" covered="0"/><counter type="LINE" missed="19" covered="0"/><counter type="COMPLEXITY" missed="4" covered="0"/><counter type="METHOD" missed="1" covered="0"/></method><method name="fixed_array_size" desc="()V" line="4936"><counter type="INSTRUCTION" missed="46" covered="0"/><counter type="BRANCH" missed="2" covered="0"/><counter type="LINE" missed="16" covered="0"/><counter type="COMPLEXITY" missed="2" covered="0"/><counter type="METHOD" missed="1" covered="0"/></method><method name="readonly_attr_spec" desc="()V" line="4960"><counter type="INSTRUCTION" missed="82" covered="0"/><counter type="BRANCH" missed="2" covered="0"/><counter type="LINE" missed="24" covered="0"/><counter type="COMPLEXITY" missed="2" covered="0"/><counter type="METHOD" missed="1" covered="0"/></method><method name="attr_spec" desc="()V" line="4992"><counter type="INSTRUCTION" missed="65" covered="0"/><counter type="BRANCH" missed="2" covered="0"/><counter type="LINE" missed="20" covered="0"/><counter type="COMPLEXITY" missed="2" covered="0"/><counter type="METHOD" missed="1" covered="0"/></method><method name="opt_member_list" desc="()V" line="5020"><counter type="INSTRUCTION" missed="47" covered="0"/><counter type="BRANCH" missed="4" covered="0"/><counter type="LINE" missed="15" covered="0"/><counter type="COMPLEXITY" missed="3" covered="0"/><counter type="METHOD" missed="1" covered="0"/></method><method name="op_attribute" desc="()V" line="5053"><counter type="INSTRUCTION" missed="49" covered="0"/><counter type="BRANCH" missed="2" covered="0"/><counter type="LINE" missed="16" covered="0"/><counter type="COMPLEXITY" missed="2" covered="0"/><counter type="METHOD" missed="1" covered="0"/></method><method name="op_type_spec" desc="()V" line="5077"><counter type="INSTRUCTION" missed="75" covered="0"/><counter type="BRANCH" missed="5" covered="0"/><counter type="LINE" missed="23" covered="0"/><counter type="COMPLEXITY" missed="4" covered="0"/><counter type="METHOD" missed="1" covered="0"/></method><method name="parameter_dcls" desc="()V" line="5133"><counter type="INSTRUCTION" missed="61" covered="0"/><counter type="BRANCH" missed="5" covered="0"/><counter type="LINE" missed="20" covered="0"/><counter type="COMPLEXITY" missed="4" covered="0"/><counter type="METHOD" missed="1" covered="0"/></method><method name="context_expr" desc="()V" line="5175"><counter type="INSTRUCTION" missed="63" covered="0"/><counter type="BRANCH" missed="2" covered="0"/><counter type="LINE" missed="20" covered="0"/><counter type="COMPLEXITY" missed="2" covered="0"/><counter type="METHOD" missed="1" covered="0"/></method><method name="param_dcl_list" desc="()V" line="5203"><counter type="INSTRUCTION" missed="57" covered="0"/><counter type="BRANCH" missed="4" covered="0"/><counter type="LINE" missed="18" covered="0"/><counter type="COMPLEXITY" missed="3" covered="0"/><counter type="METHOD" missed="1" covered="0"/></method><method name="param_dcl" desc="()V" line="5239"><counter type="INSTRUCTION" missed="136" covered="0"/><counter type="BRANCH" missed="8" covered="0"/><counter type="LINE" missed="37" covered="0"/><counter type="COMPLEXITY" missed="6" covered="0"/><counter type="METHOD" missed="1" covered="0"/></method><method name="string_literal_list" desc="()V" line="5301"><counter type="INSTRUCTION" missed="57" covered="0"/><counter type="BRANCH" missed="4" covered="0"/><counter type="LINE" missed="18" covered="0"/><counter type="COMPLEXITY" missed="3" covered="0"/><counter type="METHOD" missed="1" covered="0"/></method><method name="imported_scope" desc="()V" line="5337"><counter type="INSTRUCTION" missed="67" covered="0"/><counter type="BRANCH" missed="5" covered="0"/><counter type="LINE" missed="21" covered="0"/><counter type="COMPLEXITY" missed="4" covered="0"/><counter type="METHOD" missed="1" covered="0"/></method><method name="readonly_attr_declarator" desc="()V" line="5377"><counter type="INSTRUCTION" missed="81" covered="0"/><counter type="BRANCH" missed="7" covered="0"/><counter type="LINE" missed="23" covered="0"/><counter type="COMPLEXITY" missed="5" covered="0"/><counter type="METHOD" missed="1" covered="0"/></method><method name="attr_declarator" desc="()V" line="5432"><counter type="INSTRUCTION" missed="189" covered="0"/><counter type="BRANCH" missed="31" covered="0"/><counter type="LINE" missed="39" covered="0"/><counter type="COMPLEXITY" missed="17" covered="0"/><counter type="METHOD" missed="1" covered="0"/></method><method name="attr_raises_expr" desc="()V" line="5511"><counter type="INSTRUCTION" missed="78" covered="0"/><counter type="BRANCH" missed="8" covered="0"/><counter type="LINE" missed="24" covered="0"/><counter type="COMPLEXITY" missed="6" covered="0"/><counter type="METHOD" missed="1" covered="0"/></method><method name="get_excep_expr" desc="()V" line="5568"><counter type="INSTRUCTION" missed="57" covered="0"/><counter type="BRANCH" missed="2" covered="0"/><counter type="LINE" missed="18" covered="0"/><counter type="COMPLEXITY" missed="2" covered="0"/><counter type="METHOD" missed="1" covered="0"/></method><method name="set_excep_expr" desc="()V" line="5594"><counter type="INSTRUCTION" missed="57" covered="0"/><counter type="BRANCH" missed="2" covered="0"/><counter type="LINE" missed="18" covered="0"/><counter type="COMPLEXITY" missed="2" covered="0"/><counter type="METHOD" missed="1" covered="0"/></method><method name="exception_list" desc="()V" line="5620"><counter type="INSTRUCTION" missed="65" covered="0"/><counter type="BRANCH" missed="4" covered="0"/><counter type="LINE" missed="20" covered="0"/><counter type="COMPLEXITY" missed="3" covered="0"/><counter type="METHOD" missed="1" covered="0"/></method><method name="component_dcl" desc="()V" line="5658"><counter type="INSTRUCTION" missed="92" covered="0"/><counter type="BRANCH" missed="8" covered="0"/><counter type="LINE" missed="28" covered="0"/><counter type="COMPLEXITY" missed="6" covered="0"/><counter type="METHOD" missed="1" covered="0"/></method><method name="component_inheritance_spec" desc="()V" line="5719"><counter type="INSTRUCTION" missed="58" covered="0"/><counter type="BRANCH" missed="2" covered="0"/><counter type="LINE" missed="18" covered="0"/><counter type="COMPLEXITY" missed="2" covered="0"/><counter type="METHOD" missed="1" covered="0"/></method><method name="supported_interface_spec" desc="()V" line="5745"><counter type="INSTRUCTION" missed="76" covered="0"/><counter type="BRANCH" missed="4" covered="0"/><counter type="LINE" missed="22" covered="0"/><counter type="COMPLEXITY" missed="3" covered="0"/><counter type="METHOD" missed="1" covered="0"/></method><method name="component_body" desc="()V" line="5785"><counter type="INSTRUCTION" missed="47" covered="0"/><counter type="BRANCH" missed="4" covered="0"/><counter type="LINE" missed="15" covered="0"/><counter type="COMPLEXITY" missed="3" covered="0"/><counter type="METHOD" missed="1" covered="0"/></method><method name="component_export" desc="()V" line="5818"><counter type="INSTRUCTION" missed="117" covered="0"/><counter type="BRANCH" missed="9" covered="0"/><counter type="LINE" missed="38" covered="0"/><counter type="COMPLEXITY" missed="8" covered="0"/><counter type="METHOD" missed="1" covered="0"/></method><method name="provides_dcl" desc="()V" line="5889"><counter type="INSTRUCTION" missed="66" covered="0"/><counter type="BRANCH" missed="2" covered="0"/><counter type="LINE" missed="20" covered="0"/><counter type="COMPLEXITY" missed="2" covered="0"/><counter type="METHOD" missed="1" covered="0"/></method><method name="uses_dcl" desc="()V" line="5917"><counter type="INSTRUCTION" missed="98" covered="0"/><counter type="BRANCH" missed="5" covered="0"/><counter type="LINE" missed="28" covered="0"/><counter type="COMPLEXITY" missed="4" covered="0"/><counter type="METHOD" missed="1" covered="0"/></method><method name="emits_dcl" desc="()V" line="5967"><counter type="INSTRUCTION" missed="67" covered="0"/><counter type="BRANCH" missed="2" covered="0"/><counter type="LINE" missed="20" covered="0"/><counter type="COMPLEXITY" missed="2" covered="0"/><counter type="METHOD" missed="1" covered="0"/></method><method name="publishes_dcl" desc="()V" line="5995"><counter type="INSTRUCTION" missed="67" covered="0"/><counter type="BRANCH" missed="2" covered="0"/><counter type="LINE" missed="20" covered="0"/><counter type="COMPLEXITY" missed="2" covered="0"/><counter type="METHOD" missed="1" covered="0"/></method><method name="consumes_dcl" desc="()V" line="6023"><counter type="INSTRUCTION" missed="67" covered="0"/><counter type="BRANCH" missed="2" covered="0"/><counter type="LINE" missed="20" covered="0"/><counter type="COMPLEXITY" missed="2" covered="0"/><counter type="METHOD" missed="1" covered="0"/></method><method name="interface_type" desc="()V" line="6051"><counter type="INSTRUCTION" missed="73" covered="0"/><counter type="BRANCH" missed="5" covered="0"/><counter type="LINE" missed="22" covered="0"/><counter type="COMPLEXITY" missed="4" covered="0"/><counter type="METHOD" missed="1" covered="0"/></method><method name="home_header" desc="()V" line="6094"><counter type="INSTRUCTION" missed="139" covered="0"/><counter type="BRANCH" missed="11" covered="0"/><counter type="LINE" missed="39" covered="0"/><counter type="COMPLEXITY" missed="8" covered="0"/><counter type="METHOD" missed="1" covered="0"/></method><method name="home_body" desc="()V" line="6178"><counter type="INSTRUCTION" missed="53" covered="0"/><counter type="BRANCH" missed="4" covered="0"/><counter type="LINE" missed="17" covered="0"/><counter type="COMPLEXITY" missed="3" covered="0"/><counter type="METHOD" missed="1" covered="0"/></method><method name="home_inheritance_spec" desc="()V" line="6213"><counter type="INSTRUCTION" missed="58" covered="0"/><counter type="BRANCH" missed="2" covered="0"/><counter type="LINE" missed="18" covered="0"/><counter type="COMPLEXITY" missed="2" covered="0"/><counter type="METHOD" missed="1" covered="0"/></method><method name="primary_key_spec" desc="()V" line="6239"><counter type="INSTRUCTION" missed="58" covered="0"/><counter type="BRANCH" missed="2" covered="0"/><counter type="LINE" missed="18" covered="0"/><counter type="COMPLEXITY" missed="2" covered="0"/><counter type="METHOD" missed="1" covered="0"/></method><method name="home_export" desc="()V" line="6265"><counter type="INSTRUCTION" missed="78" covered="0"/><counter type="BRANCH" missed="6" covered="0"/><counter type="LINE" missed="25" covered="0"/><counter type="COMPLEXITY" missed="5" covered="0"/><counter type="METHOD" missed="1" covered="0"/></method><method name="factory_dcl" desc="()V" line="6341"><counter type="INSTRUCTION" missed="95" covered="0"/><counter type="BRANCH" missed="5" covered="0"/><counter type="LINE" missed="28" covered="0"/><counter type="COMPLEXITY" missed="4" covered="0"/><counter type="METHOD" missed="1" covered="0"/></method><method name="finder_dcl" desc="()V" line="6389"><counter type="INSTRUCTION" missed="95" covered="0"/><counter type="BRANCH" missed="5" covered="0"/><counter type="LINE" missed="28" covered="0"/><counter type="COMPLEXITY" missed="4" covered="0"/><counter type="METHOD" missed="1" covered="0"/></method><method name="event_abs" desc="()V" line="6437"><counter type="INSTRUCTION" missed="80" covered="0"/><counter type="BRANCH" missed="5" covered="0"/><counter type="LINE" missed="24" covered="0"/><counter type="COMPLEXITY" missed="4" covered="0"/><counter type="METHOD" missed="1" covered="0"/></method><method name="event_custom" desc="()V" line="6483"><counter type="INSTRUCTION" missed="65" covered="0"/><counter type="BRANCH" missed="2" covered="0"/><counter type="LINE" missed="20" covered="0"/><counter type="COMPLEXITY" missed="2" covered="0"/><counter type="METHOD" missed="1" covered="0"/></method><method name="event_dcl" desc="()V" line="6511"><counter type="INSTRUCTION" missed="63" covered="0"/><counter type="BRANCH" missed="5" covered="0"/><counter type="LINE" missed="20" covered="0"/><counter type="COMPLEXITY" missed="4" covered="0"/><counter type="METHOD" missed="1" covered="0"/></method><method name="event_header" desc="()V" line="6553"><counter type="INSTRUCTION" missed="58" covered="0"/><counter type="BRANCH" missed="2" covered="0"/><counter type="LINE" missed="18" covered="0"/><counter type="COMPLEXITY" missed="2" covered="0"/><counter type="METHOD" missed="1" covered="0"/></method><method name="event_abs_dcl" desc="()V" line="6579"><counter type="INSTRUCTION" missed="61" covered="0"/><counter type="BRANCH" missed="4" covered="0"/><counter type="LINE" missed="19" covered="0"/><counter type="COMPLEXITY" missed="3" covered="0"/><counter type="METHOD" missed="1" covered="0"/></method><method name="event_elem_dcl" desc="()V" line="6616"><counter type="INSTRUCTION" missed="61" covered="0"/><counter type="BRANCH" missed="4" covered="0"/><counter type="LINE" missed="19" covered="0"/><counter type="COMPLEXITY" missed="3" covered="0"/><counter type="METHOD" missed="1" covered="0"/></method><method name="buildTokenTypeASTClassMap" desc="()V" line="6773"><counter type="INSTRUCTION" missed="4" covered="0"/><counter type="LINE" missed="2" covered="0"/><counter type="COMPLEXITY" missed="1" covered="0"/><counter type="METHOD" missed="1" covered="0"/></method><method name="mk_tokenSet_0" desc="()[J" line="6777"><counter type="INSTRUCTION" missed="21" covered="0"/><counter type="LINE" missed="2" covered="0"/><counter type="COMPLEXITY" missed="1" covered="0"/><counter type="METHOD" missed="1" covered="0"/></method><method name="mk_tokenSet_1" desc="()[J" line="6782"><counter type="INSTRUCTION" missed="13" covered="0"/><counter type="LINE" missed="2" covered="0"/><counter type="COMPLEXITY" missed="1" covered="0"/><counter type="METHOD" missed="1" covered="0"/></method><method name="mk_tokenSet_2" desc="()[J" line="6787"><counter type="INSTRUCTION" missed="21" covered="0"/><counter type="LINE" missed="2" covered="0"/><counter type="COMPLEXITY" missed="1" covered="0"/><counter type="METHOD" missed="1" covered="0"/></method><method name="mk_tokenSet_3" desc="()[J" line="6792"><counter type="INSTRUCTION" missed="13" covered="0"/><counter type="LINE" missed="2" covered="0"/><counter type="COMPLEXITY" missed="1" covered="0"/><counter type="METHOD" missed="1" covered="0"/></method><method name="mk_tokenSet_4" desc="()[J" line="6797"><counter type="INSTRUCTION" missed="21" covered="0"/><counter type="LINE" missed="2" covered="0"/><counter type="COMPLEXITY" missed="1" covered="0"/><counter type="METHOD" missed="1" covered="0"/></method><method name="mk_tokenSet_5" desc="()[J" line="6802"><counter type="INSTRUCTION" missed="21" covered="0"/><counter type="LINE" missed="2" covered="0"/><counter type="COMPLEXITY" missed="1" covered="0"/><counter type="METHOD" missed="1" covered="0"/></method><method name="mk_tokenSet_6" desc="()[J" line="6807"><counter type="INSTRUCTION" missed="21" covered="0"/><counter type="LINE" missed="2" covered="0"/><counter type="COMPLEXITY" missed="1" covered="0"/><counter type="METHOD" missed="1" covered="0"/></method><method name="mk_tokenSet_7" desc="()[J" line="6812"><counter type="INSTRUCTION" missed="13" covered="0"/><counter type="LINE" missed="2" covered="0"/><counter type="COMPLEXITY" missed="1" covered="0"/><counter type="METHOD" missed="1" covered="0"/></method><method name="mk_tokenSet_8" desc="()[J" line="6817"><counter type="INSTRUCTION" missed="21" covered="0"/><counter type="LINE" missed="2" covered="0"/><counter type="COMPLEXITY" missed="1" covered="0"/><counter type="METHOD" missed="1" covered="0"/></method><method name="mk_tokenSet_9" desc="()[J" line="6822"><counter type="INSTRUCTION" missed="21" covered="0"/><counter type="LINE" missed="2" covered="0"/><counter type="COMPLEXITY" missed="1" covered="0"/><counter type="METHOD" missed="1" covered="0"/></method><method name="mk_tokenSet_10" desc="()[J" line="6827"><counter type="INSTRUCTION" missed="13" covered="0"/><counter type="LINE" missed="2" covered="0"/><counter type="COMPLEXITY" missed="1" covered="0"/><counter type="METHOD" missed="1" covered="0"/></method><method name="mk_tokenSet_11" desc="()[J" line="6832"><counter type="INSTRUCTION" missed="21" covered="0"/><counter type="LINE" missed="2" covered="0"/><counter type="COMPLEXITY" missed="1" covered="0"/><counter type="METHOD" missed="1" covered="0"/></method><method name="mk_tokenSet_12" desc="()[J" line="6837"><counter type="INSTRUCTION" missed="21" covered="0"/><counter type="LINE" missed="2" covered="0"/><counter type="COMPLEXITY" missed="1" covered="0"/><counter type="METHOD" missed="1" covered="0"/></method><method name="mk_tokenSet_13" desc="()[J" line="6842"><counter type="INSTRUCTION" missed="13" covered="0"/><counter type="LINE" missed="2" covered="0"/><counter type="COMPLEXITY" missed="1" covered="0"/><counter type="METHOD" missed="1" covered="0"/></method><method name="mk_tokenSet_14" desc="()[J" line="6847"><counter type="INSTRUCTION" missed="13" covered="0"/><counter type="LINE" missed="2" covered="0"/><counter type="COMPLEXITY" missed="1" covered="0"/><counter type="METHOD" missed="1" covered="0"/></method><method name="mk_tokenSet_15" desc="()[J" line="6852"><counter type="INSTRUCTION" missed="21" covered="0"/><counter type="LINE" missed="2" covered="0"/><counter type="COMPLEXITY" missed="1" covered="0"/><counter type="METHOD" missed="1" covered="0"/></method><method name="mk_tokenSet_16" desc="()[J" line="6857"><counter type="INSTRUCTION" missed="21" covered="0"/><counter type="LINE" missed="2" covered="0"/><counter type="COMPLEXITY" missed="1" covered="0"/><counter type="METHOD" missed="1" covered="0"/></method><method name="mk_tokenSet_17" desc="()[J" line="6862"><counter type="INSTRUCTION" missed="13" covered="0"/><counter type="LINE" missed="2" covered="0"/><counter type="COMPLEXITY" missed="1" covered="0"/><counter type="METHOD" missed="1" covered="0"/></method><method name="mk_tokenSet_18" desc="()[J" line="6867"><counter type="INSTRUCTION" missed="13" covered="0"/><counter type="LINE" missed="2" covered="0"/><counter type="COMPLEXITY" missed="1" covered="0"/><counter type="METHOD" missed="1" covered="0"/></method><method name="mk_tokenSet_19" desc="()[J" line="6872"><counter type="INSTRUCTION" missed="21" covered="0"/><counter type="LINE" missed="2" covered="0"/><counter type="COMPLEXITY" missed="1" covered="0"/><counter type="METHOD" missed="1" covered="0"/></method><method name="mk_tokenSet_20" desc="()[J" line="6877"><counter type="INSTRUCTION" missed="21" covered="0"/><counter type="LINE" missed="2" covered="0"/><counter type="COMPLEXITY" missed="1" covered="0"/><counter type="METHOD" missed="1" covered="0"/></method><method name="mk_tokenSet_21" desc="()[J" line="6882"><counter type="INSTRUCTION" missed="13" covered="0"/><counter type="LINE" missed="2" covered="0"/><counter type="COMPLEXITY" missed="1" covered="0"/><counter type="METHOD" missed="1" covered="0"/></method><method name="mk_tokenSet_22" desc="()[J" line="6887"><counter type="INSTRUCTION" missed="21" covered="0"/><counter type="LINE" missed="2" covered="0"/><counter type="COMPLEXITY" missed="1" covered="0"/><counter type="METHOD" missed="1" covered="0"/></method><method name="mk_tokenSet_23" desc="()[J" line="6892"><counter type="INSTRUCTION" missed="13" covered="0"/><counter type="LINE" missed="2" covered="0"/><counter type="COMPLEXITY" missed="1" covered="0"/><counter type="METHOD" missed="1" covered="0"/></method><method name="mk_tokenSet_24" desc="()[J" line="6897"><counter type="INSTRUCTION" missed="13" covered="0"/><counter type="LINE" missed="2" covered="0"/><counter type="COMPLEXITY" missed="1" covered="0"/><counter type="METHOD" missed="1" covered="0"/></method><method name="mk_tokenSet_25" desc="()[J" line="6902"><counter type="INSTRUCTION" missed="13" covered="0"/><counter type="LINE" missed="2" covered="0"/><counter type="COMPLEXITY" missed="1" covered="0"/><counter type="METHOD" missed="1" covered="0"/></method><method name="mk_tokenSet_26" desc="()[J" line="6907"><counter type="INSTRUCTION" missed="21" covered="0"/><counter type="LINE" missed="2" covered="0"/><counter type="COMPLEXITY" missed="1" covered="0"/><counter type="METHOD" missed="1" covered="0"/></method><method name="mk_tokenSet_27" desc="()[J" line="6912"><counter type="INSTRUCTION" missed="13" covered="0"/><counter type="LINE" missed="2" covered="0"/><counter type="COMPLEXITY" missed="1" covered="0"/><counter type="METHOD" missed="1" covered="0"/></method><method name="mk_tokenSet_28" desc="()[J" line="6917"><counter type="INSTRUCTION" missed="21" covered="0"/><counter type="LINE" missed="2" covered="0"/><counter type="COMPLEXITY" missed="1" covered="0"/><counter type="METHOD" missed="1" covered="0"/></method><method name="mk_tokenSet_29" desc="()[J" line="6922"><counter type="INSTRUCTION" missed="13" covered="0"/><counter type="LINE" missed="2" covered="0"/><counter type="COMPLEXITY" missed="1" covered="0"/><counter type="METHOD" missed="1" covered="0"/></method><method name="mk_tokenSet_30" desc="()[J" line="6927"><counter type="INSTRUCTION" missed="21" covered="0"/><counter type="LINE" missed="2" covered="0"/><counter type="COMPLEXITY" missed="1" covered="0"/><counter type="METHOD" missed="1" covered="0"/></method><method name="mk_tokenSet_31" desc="()[J" line="6932"><counter type="INSTRUCTION" missed="21" covered="0"/><counter type="LINE" missed="2" covered="0"/><counter type="COMPLEXITY" missed="1" covered="0"/><counter type="METHOD" missed="1" covered="0"/></method><method name="mk_tokenSet_32" desc="()[J" line="6937"><counter type="INSTRUCTION" missed="21" covered="0"/><counter type="LINE" missed="2" covered="0"/><counter type="COMPLEXITY" missed="1" covered="0"/><counter type="METHOD" missed="1" covered="0"/></method><method name="mk_tokenSet_33" desc="()[J" line="6942"><counter type="INSTRUCTION" missed="13" covered="0"/><counter type="LINE" missed="2" covered="0"/><counter type="COMPLEXITY" missed="1" covered="0"/><counter type="METHOD" missed="1" covered="0"/></method><method name="mk_tokenSet_34" desc="()[J" line="6947"><counter type="INSTRUCTION" missed="13" covered="0"/><counter type="LINE" missed="2" covered="0"/><counter type="COMPLEXITY" missed="1" covered="0"/><counter type="METHOD" missed="1" covered="0"/></method><method name="mk_tokenSet_35" desc="()[J" line="6952"><counter type="INSTRUCTION" missed="21" covered="0"/><counter type="LINE" missed="2" covered="0"/><counter type="COMPLEXITY" missed="1" covered="0"/><counter type="METHOD" missed="1" covered="0"/></method><method name="mk_tokenSet_36" desc="()[J" line="6957"><counter type="INSTRUCTION" missed="21" covered="0"/><counter type="LINE" missed="2" covered="0"/><counter type="COMPLEXITY" missed="1" covered="0"/><counter type="METHOD" missed="1" covered="0"/></method><method name="mk_tokenSet_37" desc="()[J" line="6962"><counter type="INSTRUCTION" missed="21" covered="0"/><counter type="LINE" missed="2" covered="0"/><counter type="COMPLEXITY" missed="1" covered="0"/><counter type="METHOD" missed="1" covered="0"/></method><method name="mk_tokenSet_38" desc="()[J" line="6967"><counter type="INSTRUCTION" missed="21" covered="0"/><counter type="LINE" missed="2" covered="0"/><counter type="COMPLEXITY" missed="1" covered="0"/><counter type="METHOD" missed="1" covered="0"/></method><method name="mk_tokenSet_39" desc="()[J" line="6972"><counter type="INSTRUCTION" missed="21" covered="0"/><counter type="LINE" missed="2" covered="0"/><counter type="COMPLEXITY" missed="1" covered="0"/><counter type="METHOD" missed="1" covered="0"/></method><method name="mk_tokenSet_40" desc="()[J" line="6977"><counter type="INSTRUCTION" missed="21" covered="0"/><counter type="LINE" missed="2" covered="0"/><counter type="COMPLEXITY" missed="1" covered="0"/><counter type="METHOD" missed="1" covered="0"/></method><method name="mk_tokenSet_41" desc="()[J" line="6982"><counter type="INSTRUCTION" missed="21" covered="0"/><counter type="LINE" missed="2" covered="0"/><counter type="COMPLEXITY" missed="1" covered="0"/><counter type="METHOD" missed="1" covered="0"/></method><method name="mk_tokenSet_42" desc="()[J" line="6987"><counter type="INSTRUCTION" missed="13" covered="0"/><counter type="LINE" missed="2" covered="0"/><counter type="COMPLEXITY" missed="1" covered="0"/><counter type="METHOD" missed="1" covered="0"/></method><method name="mk_tokenSet_43" desc="()[J" line="6992"><counter type="INSTRUCTION" missed="13" covered="0"/><counter type="LINE" missed="2" covered="0"/><counter type="COMPLEXITY" missed="1" covered="0"/><counter type="METHOD" missed="1" covered="0"/></method><method name="mk_tokenSet_44" desc="()[J" line="6997"><counter type="INSTRUCTION" missed="21" covered="0"/><counter type="LINE" missed="2" covered="0"/><counter type="COMPLEXITY" missed="1" covered="0"/><counter type="METHOD" missed="1" covered="0"/></method><method name="mk_tokenSet_45" desc="()[J" line="7002"><counter type="INSTRUCTION" missed="21" covered="0"/><counter type="LINE" missed="2" covered="0"/><counter type="COMPLEXITY" missed="1" covered="0"/><counter type="METHOD" missed="1" covered="0"/></method><method name="mk_tokenSet_46" desc="()[J" line="7007"><counter type="INSTRUCTION" missed="13" covered="0"/><counter type="LINE" missed="2" covered="0"/><counter type="COMPLEXITY" missed="1" covered="0"/><counter type="METHOD" missed="1" covered="0"/></method><method name="mk_tokenSet_47" desc="()[J" line="7012"><counter type="INSTRUCTION" missed="21" covered="0"/><counter type="LINE" missed="2" covered="0"/><counter type="COMPLEXITY" missed="1" covered="0"/><counter type="METHOD" missed="1" covered="0"/></method><method name="mk_tokenSet_48" desc="()[J" line="7017"><counter type="INSTRUCTION" missed="13" covered="0"/><counter type="LINE" missed="2" covered="0"/><counter type="COMPLEXITY" missed="1" covered="0"/><counter type="METHOD" missed="1" covered="0"/></method><method name="mk_tokenSet_49" desc="()[J" line="7022"><counter type="INSTRUCTION" missed="21" covered="0"/><counter type="LINE" missed="2" covered="0"/><counter type="COMPLEXITY" missed="1" covered="0"/><counter type="METHOD" missed="1" covered="0"/></method><method name="mk_tokenSet_50" desc="()[J" line="7027"><counter type="INSTRUCTION" missed="13" covered="0"/><counter type="LINE" missed="2" covered="0"/><counter type="COMPLEXITY" missed="1" covered="0"/><counter type="METHOD" missed="1" covered="0"/></method><method name="mk_tokenSet_51" desc="()[J" line="7032"><counter type="INSTRUCTION" missed="13" covered="0"/><counter type="LINE" missed="2" covered="0"/><counter type="COMPLEXITY" missed="1" covered="0"/><counter type="METHOD" missed="1" covered="0"/></method><method name="mk_tokenSet_52" desc="()[J" line="7037"><counter type="INSTRUCTION" missed="13" covered="0"/><counter type="LINE" missed="2" covered="0"/><counter type="COMPLEXITY" missed="1" covered="0"/><counter type="METHOD" missed="1" covered="0"/></method><method name="mk_tokenSet_53" desc="()[J" line="7042"><counter type="INSTRUCTION" missed="21" covered="0"/><counter type="LINE" missed="2" covered="0"/><counter type="COMPLEXITY" missed="1" covered="0"/><counter type="METHOD" missed="1" covered="0"/></method><method name="mk_tokenSet_54" desc="()[J" line="7047"><counter type="INSTRUCTION" missed="21" covered="0"/><counter type="LINE" missed="2" covered="0"/><counter type="COMPLEXITY" missed="1" covered="0"/><counter type="METHOD" missed="1" covered="0"/></method><method name="mk_tokenSet_55" desc="()[J" line="7052"><counter type="INSTRUCTION" missed="21" covered="0"/><counter type="LINE" missed="2" covered="0"/><counter type="COMPLEXITY" missed="1" covered="0"/><counter type="METHOD" missed="1" covered="0"/></method><method name="mk_tokenSet_56" desc="()[J" line="7057"><counter type="INSTRUCTION" missed="21" covered="0"/><counter type="LINE" missed="2" covered="0"/><counter type="COMPLEXITY" missed="1" covered="0"/><counter type="METHOD" missed="1" covered="0"/></method><method name="mk_tokenSet_57" desc="()[J" line="7062"><counter type="INSTRUCTION" missed="21" covered="0"/><counter type="LINE" missed="2" covered="0"/><counter type="COMPLEXITY" missed="1" covered="0"/><counter type="METHOD" missed="1" covered="0"/></method><method name="mk_tokenSet_58" desc="()[J" line="7067"><counter type="INSTRUCTION" missed="21" covered="0"/><counter type="LINE" missed="2" covered="0"/><counter type="COMPLEXITY" missed="1" covered="0"/><counter type="METHOD" missed="1" covered="0"/></method><method name="mk_tokenSet_59" desc="()[J" line="7072"><counter type="INSTRUCTION" missed="21" covered="0"/><counter type="LINE" missed="2" covered="0"/><counter type="COMPLEXITY" missed="1" covered="0"/><counter type="METHOD" missed="1" covered="0"/></method><method name="mk_tokenSet_60" desc="()[J" line="7077"><counter type="INSTRUCTION" missed="21" covered="0"/><counter type="LINE" missed="2" covered="0"/><counter type="COMPLEXITY" missed="1" covered="0"/><counter type="METHOD" missed="1" covered="0"/></method><method name="mk_tokenSet_61" desc="()[J" line="7082"><counter type="INSTRUCTION" missed="21" covered="0"/><counter type="LINE" missed="2" covered="0"/><counter type="COMPLEXITY" missed="1" covered="0"/><counter type="METHOD" missed="1" covered="0"/></method><method name="mk_tokenSet_62" desc="()[J" line="7087"><counter type="INSTRUCTION" missed="21" covered="0"/><counter type="LINE" missed="2" covered="0"/><counter type="COMPLEXITY" missed="1" covered="0"/><counter type="METHOD" missed="1" covered="0"/></method><method name="mk_tokenSet_63" desc="()[J" line="7092"><counter type="INSTRUCTION" missed="21" covered="0"/><counter type="LINE" missed="2" covered="0"/><counter type="COMPLEXITY" missed="1" covered="0"/><counter type="METHOD" missed="1" covered="0"/></method><method name="mk_tokenSet_64" desc="()[J" line="7097"><counter type="INSTRUCTION" missed="21" covered="0"/><counter type="LINE" missed="2" covered="0"/><counter type="COMPLEXITY" missed="1" covered="0"/><counter type="METHOD" missed="1" covered="0"/></method><method name="mk_tokenSet_65" desc="()[J" line="7102"><counter type="INSTRUCTION" missed="21" covered="0"/><counter type="LINE" missed="2" covered="0"/><counter type="COMPLEXITY" missed="1" covered="0"/><counter type="METHOD" missed="1" covered="0"/></method><method name="mk_tokenSet_66" desc="()[J" line="7107"><counter type="INSTRUCTION" missed="21" covered="0"/><counter type="LINE" missed="2" covered="0"/><counter type="COMPLEXITY" missed="1" covered="0"/><counter type="METHOD" missed="1" covered="0"/></method><method name="mk_tokenSet_67" desc="()[J" line="7112"><counter type="INSTRUCTION" missed="21" covered="0"/><counter type="LINE" missed="2" covered="0"/><counter type="COMPLEXITY" missed="1" covered="0"/><counter type="METHOD" missed="1" covered="0"/></method><method name="mk_tokenSet_68" desc="()[J" line="7117"><counter type="INSTRUCTION" missed="21" covered="0"/><counter type="LINE" missed="2" covered="0"/><counter type="COMPLEXITY" missed="1" covered="0"/><counter type="METHOD" missed="1" covered="0"/></method><method name="mk_tokenSet_69" desc="()[J" line="7122"><counter type="INSTRUCTION" missed="13" covered="0"/><counter type="LINE" missed="2" covered="0"/><counter type="COMPLEXITY" missed="1" covered="0"/><counter type="METHOD" missed="1" covered="0"/></method><method name="&lt;clinit&gt;" desc="()V" line="6652"><counter type="INSTRUCTION" missed="822" covered="0"/><counter type="LINE" missed="71" covered="0"/><counter type="COMPLEXITY" missed="1" covered="0"/><counter type="METHOD" missed="1" covered="0"/></method><counter type="INSTRUCTION" missed="14621" covered="0"/><counter type="BRANCH" missed="905" covered="0"/><counter type="LINE" missed="3896" covered="0"/><counter type="COMPLEXITY" missed="749" covered="0"/><counter type="METHOD" missed="234" covered="0"/><counter type="CLASS" missed="1" covered="0"/></class><class name="org/argouml/uml/reveng/idl/IDLTokenTypes" sourcefilename="IDLTokenTypes.java"/><class name="org/argouml/uml/reveng/idl/ParseStateException" sourcefilename="ClassifierNotFoundException.java"><method name="&lt;init&gt;" desc="(Ljava/lang/String;)V" line="59"><counter type="INSTRUCTION" missed="11" covered="0"/><counter type="LINE" missed="2" covered="0"/><counter type="COMPLEXITY" missed="1" covered="0"/><counter type="METHOD" missed="1" covered="0"/></method><counter type="INSTRUCTION" missed="11" covered="0"/><counter type="LINE" missed="2" covered="0"/><counter type="COMPLEXITY" missed="1" covered="0"/><counter type="METHOD" missed="1" covered="0"/><counter type="CLASS" missed="1" covered="0"/></class><class name="org/argouml/uml/reveng/idl/ParseState" sourcefilename="ParseState.java"><method name="&lt;init&gt;" desc="(Ljava/lang/Object;Ljava/lang/Object;)V" line="103"><counter type="INSTRUCTION" missed="25" covered="0"/><counter type="LINE" missed="6" covered="0"/><counter type="COMPLEXITY" missed="1" covered="0"/><counter type="METHOD" missed="1" covered="0"/></method><method name="&lt;init&gt;" desc="(Lorg/argouml/uml/reveng/idl/ParseState;Ljava/lang/Object;Ljava/lang/Object;)V" line="121"><counter type="INSTRUCTION" missed="62" covered="0"/><counter type="LINE" missed="12" covered="0"/><counter type="COMPLEXITY" missed="1" covered="0"/><counter type="METHOD" missed="1" covered="0"/></method><method name="addPackageContext" desc="(Ljava/lang/Object;)V" line="149"><counter type="INSTRUCTION" missed="9" covered="0"/><counter type="LINE" missed="2" covered="0"/><counter type="COMPLEXITY" missed="1" covered="0"/><counter type="METHOD" missed="1" covered="0"/></method><method name="addClassifierContext" desc="(Ljava/lang/Object;)V" line="158"><counter type="INSTRUCTION" missed="9" covered="0"/><counter type="LINE" missed="2" covered="0"/><counter type="COMPLEXITY" missed="1" covered="0"/><counter type="METHOD" missed="1" covered="0"/></method><method name="addComponent" desc="(Ljava/lang/Object;)V" line="165"><counter type="INSTRUCTION" missed="4" covered="0"/><counter type="LINE" missed="2" covered="0"/><counter type="COMPLEXITY" missed="1" covered="0"/><counter type="METHOD" missed="1" covered="0"/></method><method name="getComponent" desc="()Ljava/lang/Object;" line="172"><counter type="INSTRUCTION" missed="3" covered="0"/><counter type="LINE" missed="1" covered="0"/><counter type="COMPLEXITY" missed="1" covered="0"/><counter type="METHOD" missed="1" covered="0"/></method><method name="getContext" desc="()Lorg/argouml/uml/reveng/idl/Context;" line="181"><counter type="INSTRUCTION" missed="3" covered="0"/><counter type="LINE" missed="1" covered="0"/><counter type="COMPLEXITY" missed="1" covered="0"/><counter type="METHOD" missed="1" covered="0"/></method><method name="getClassifier" desc="()Ljava/lang/Object;" line="190"><counter type="INSTRUCTION" missed="3" covered="0"/><counter type="LINE" missed="1" covered="0"/><counter type="COMPLEXITY" missed="1" covered="0"/><counter type="METHOD" missed="1" covered="0"/></method><method name="anonymousClass" desc="()Ljava/lang/String;" line="199"><counter type="INSTRUCTION" missed="23" covered="0"/><counter type="LINE" missed="4" covered="0"/><counter type="COMPLEXITY" missed="1" covered="0"/><counter type="METHOD" missed="1" covered="0"/></method><method name="outerClassifier" desc="()V" line="209"><counter type="INSTRUCTION" missed="7" covered="0"/><counter type="LINE" missed="3" covered="0"/><counter type="COMPLEXITY" missed="1" covered="0"/><counter type="METHOD" missed="1" covered="0"/></method><method name="getClassnamePrefix" desc="()Ljava/lang/String;" line="219"><counter type="INSTRUCTION" missed="3" covered="0"/><counter type="LINE" missed="1" covered="0"/><counter type="COMPLEXITY" missed="1" covered="0"/><counter type="METHOD" missed="1" covered="0"/></method><method name="innerClassifier" desc="(Ljava/lang/Object;)V" line="229"><counter type="INSTRUCTION" missed="6" covered="0"/><counter type="LINE" missed="2" covered="0"/><counter type="COMPLEXITY" missed="1" covered="0"/><counter type="METHOD" missed="1" covered="0"/></method><method name="removeObsoleteFeatures" desc="()V" line="237"><counter type="INSTRUCTION" missed="24" covered="0"/><counter type="BRANCH" missed="4" covered="0"/><counter type="LINE" missed="7" covered="0"/><counter type="COMPLEXITY" missed="3" covered="0"/><counter type="METHOD" missed="1" covered="0"/></method><method name="removeObsoleteInnerClasses" desc="()V" line="251"><counter type="INSTRUCTION" missed="23" covered="0"/><counter type="BRANCH" missed="6" covered="0"/><counter type="LINE" missed="7" covered="0"/><counter type="COMPLEXITY" missed="4" covered="0"/><counter type="METHOD" missed="1" covered="0"/></method><method name="feature" desc="(Ljava/lang/Object;)V" line="268"><counter type="INSTRUCTION" missed="6" covered="0"/><counter type="LINE" missed="2" covered="0"/><counter type="COMPLEXITY" missed="1" covered="0"/><counter type="METHOD" missed="1" covered="0"/></method><method name="getFeature" desc="(Ljava/lang/String;)Ljava/lang/Object;" line="278"><counter type="INSTRUCTION" missed="21" covered="0"/><counter type="BRANCH" missed="4" covered="0"/><counter type="LINE" missed="5" covered="0"/><counter type="COMPLEXITY" missed="3" covered="0"/><counter type="METHOD" missed="1" covered="0"/></method><method name="getFeatures" desc="(Ljava/lang/String;)Ljava/util/Collection;" line="293"><counter type="INSTRUCTION" missed="27" covered="0"/><counter type="BRANCH" missed="4" covered="0"/><counter type="LINE" missed="6" covered="0"/><counter type="COMPLEXITY" missed="3" covered="0"/><counter type="METHOD" missed="1" covered="0"/></method><method name="getMethod" desc="(Ljava/lang/String;)Ljava/lang/Object;" line="309"><counter type="INSTRUCTION" missed="25" covered="0"/><counter type="BRANCH" missed="6" covered="0"/><counter type="LINE" missed="6" covered="0"/><counter type="COMPLEXITY" missed="4" covered="0"/><counter type="METHOD" missed="1" covered="0"/></method><method name="getOperation" desc="(Ljava/lang/String;)Ljava/lang/Object;" line="325"><counter type="INSTRUCTION" missed="25" covered="0"/><counter type="BRANCH" missed="6" covered="0"/><counter type="LINE" missed="6" covered="0"/><counter type="COMPLEXITY" missed="4" covered="0"/><counter type="METHOD" missed="1" covered="0"/></method><method name="getAttribute" desc="(Ljava/lang/String;)Ljava/lang/Object;" line="341"><counter type="INSTRUCTION" missed="25" covered="0"/><counter type="BRANCH" missed="6" covered="0"/><counter type="LINE" missed="6" covered="0"/><counter type="COMPLEXITY" missed="4" covered="0"/><counter type="METHOD" missed="1" covered="0"/></method><method name="&lt;clinit&gt;" desc="()V" line="57"><counter type="INSTRUCTION" missed="5" covered="0"/><counter type="LINE" missed="2" covered="0"/><counter type="COMPLEXITY" missed="1" covered="0"/><counter type="METHOD" missed="1" covered="0"/></method><counter type="INSTRUCTION" missed="338" covered="0"/><counter type="BRANCH"
[...]
><line nr="6438" mi="4" ci="0" mb="0" cb="0"/><line nr="6439" mi="2" ci="0" mb="0" cb="0"/><line nr="6442" mi="2" ci="0" mb="0" cb="0"/><line nr="6443" mi="7" ci="0" mb="0" cb="0"/><line nr="6444" mi="5" ci="0" mb="0" cb="0"/><line nr="6445" mi="3" ci="0" mb="0" cb="0"/><line nr="6446" mi="2" ci="0" mb="0" cb="0"/><line nr="6447" mi="6" ci="0" mb="0" cb="0"/><line nr="6449" mi="4" ci="0" mb="3" cb="0"/><line nr="6454" mi="2" ci="0" mb="0" cb="0"/><line nr="6455" mi="6" ci="0" mb="0" cb="0"/><line nr="6456" mi="1" ci="0" mb="0" cb="0"/><line nr="6460" mi="1" ci="0" mb="0" cb="0"/><line nr="6464" mi="9" ci="0" mb="0" cb="0"/><line nr="6468" mi="3" ci="0" mb="0" cb="0"/><line nr="6470" mi="1" ci="0" mb="0" cb="0"/><line nr="6471" mi="4" ci="0" mb="2" cb="0"/><line nr="6472" mi="3" ci="0" mb="0" cb="0"/><line nr="6473" mi="5" ci="0" mb="0" cb="0"/><line nr="6475" mi="2" ci="0" mb="0" cb="0"/><line nr="6477" mi="1" ci="0" mb="0" cb="0"/><line nr="6478" mi="3" ci="0" mb="0" cb="0"/><line nr="6479" mi="1" ci="0" mb="0" cb="0"/><line nr="6483" mi="3" ci="0" mb="0" cb="0"/><line nr="6484" mi="4" ci="0" mb="0" cb="0"/><line nr="6485" mi="2" ci="0" mb="0" cb="0"/><line nr="6488" mi="2" ci="0" mb="0" cb="0"/><line nr="6489" mi="7" ci="0" mb="0" cb="0"/><line nr="6490" mi="5" ci="0" mb="0" cb="0"/><line nr="6491" mi="3" ci="0" mb="0" cb="0"/><line nr="6492" mi="2" ci="0" mb="0" cb="0"/><line nr="6493" mi="6" ci="0" mb="0" cb="0"/><line nr="6494" mi="2" ci="0" mb="0" cb="0"/><line nr="6495" mi="6" ci="0" mb="0" cb="0"/><line nr="6496" mi="3" ci="0" mb="0" cb="0"/><line nr="6498" mi="1" ci="0" mb="0" cb="0"/><line nr="6499" mi="4" ci="0" mb="2" cb="0"/><line nr="6500" mi="3" ci="0" mb="0" cb="0"/><line nr="6501" mi="5" ci="0" mb="0" cb="0"/><line nr="6503" mi="2" ci="0" mb="0" cb="0"/><line nr="6505" mi="1" ci="0" mb="0" cb="0"/><line nr="6506" mi="3" ci="0" mb="0" cb="0"/><line nr="6507" mi="1" ci="0" mb="0" cb="0"/><line nr="6511" mi="3" ci="0" mb="0" cb="0"/><line nr="6512" mi="4" ci="0" mb="0" cb="0"/><line nr="6513" mi="2" ci="0" mb="0" cb="0"/><line nr="6516" mi="2" ci="0" mb="0" cb="0"/><line nr="6517" mi="6" ci="0" mb="0" cb="0"/><line nr="6519" mi="4" ci="0" mb="3" cb="0"/><line nr="6524" mi="2" ci="0" mb="0" cb="0"/><line nr="6525" mi="6" ci="0" mb="0" cb="0"/><line nr="6526" mi="1" ci="0" mb="0" cb="0"/><line nr="6530" mi="1" ci="0" mb="0" cb="0"/><line nr="6534" mi="9" ci="0" mb="0" cb="0"/><line nr="6538" mi="3" ci="0" mb="0" cb="0"/><line nr="6540" mi="1" ci="0" mb="0" cb="0"/><line nr="6541" mi="4" ci="0" mb="2" cb="0"/><line nr="6542" mi="3" ci="0" mb="0" cb="0"/><line nr="6543" mi="5" ci="0" mb="0" cb="0"/><line nr="6545" mi="2" ci="0" mb="0" cb="0"/><line nr="6547" mi="1" ci="0" mb="0" cb="0"/><line nr="6548" mi="3" ci="0" mb="0" cb="0"/><line nr="6549" mi="1" ci="0" mb="0" cb="0"/><line nr="6553" mi="3" ci="0" mb="0" cb="0"/><line nr="6554" mi="4" ci="0" mb="0" cb="0"/><line nr="6555" mi="2" ci="0" mb="0" cb="0"/><line nr="6558" mi="2" ci="0" mb="0" cb="0"/><line nr="6559" mi="7" ci="0" mb="0" cb="0"/><line nr="6560" mi="5" ci="0" mb="0" cb="0"/><line nr="6561" mi="3" ci="0" mb="0" cb="0"/><line nr="6562" mi="3" ci="0" mb="0" cb="0"/><line nr="6563" mi="6" ci="0" mb="0" cb="0"/><line nr="6564" mi="3" ci="0" mb="0" cb="0"/><line nr="6566" mi="1" ci="0" mb="0" cb="0"/><line nr="6567" mi="4" ci="0" mb="2" cb="0"/><line nr="6568" mi="3" ci="0" mb="0" cb="0"/><line nr="6569" mi="5" ci="0" mb="0" cb="0"/><line nr="6571" mi="2" ci="0" mb="0" cb="0"/><line nr="6573" mi="1" ci="0" mb="0" cb="0"/><line nr="6574" mi="3" ci="0" mb="0" cb="0"/><line nr="6575" mi="1" ci="0" mb="0" cb="0"/><line nr="6579" mi="3" ci="0" mb="0" cb="0"/><line nr="6580" mi="4" ci="0" mb="0" cb="0"/><line nr="6581" mi="2" ci="0" mb="0" cb="0"/><line nr="6584" mi="2" ci="0" mb="0" cb="0"/><line nr="6585" mi="6" ci="0" mb="0" cb="0"/><line nr="6586" mi="3" ci="0" mb="0" cb="0"/><line nr="6590" mi="6" ci="0" mb="2" cb="0"/><line nr="6591" mi="2" ci="0" mb="0" cb="0"/><line nr="6592" mi="7" ci="0" mb="0" cb="0"/><line nr="6600" mi="3" ci="0" mb="0" cb="0"/><line nr="6601" mi="3" ci="0" mb="0" cb="0"/><line nr="6603" mi="1" ci="0" mb="0" cb="0"/><line nr="6604" mi="4" ci="0" mb="2" cb="0"/><line nr="6605" mi="3" ci="0" mb="0" cb="0"/><line nr="6606" mi="5" ci="0" mb="0" cb="0"/><line nr="6608" mi="2" ci="0" mb="0" cb="0"/><line nr="6610" mi="1" ci="0" mb="0" cb="0"/><line nr="6611" mi="3" ci="0" mb="0" cb="0"/><line nr="6612" mi="1" ci="0" mb="0" cb="0"/><line nr="6616" mi="3" ci="0" mb="0" cb="0"/><line nr="6617" mi="4" ci="0" mb="0" cb="0"/><line nr="6618" mi="2" ci="0" mb="0" cb="0"/><line nr="6621" mi="2" ci="0" mb="0" cb="0"/><line nr="6622" mi="6" ci="0" mb="0" cb="0"/><line nr="6623" mi="3" ci="0" mb="0" cb="0"/><line nr="6627" mi="6" ci="0" mb="2" cb="0"/><line nr="6628" mi="2" ci="0" mb="0" cb="0"/><line nr="6629" mi="7" ci="0" mb="0" cb="0"/><line nr="6637" mi="3" ci="0" mb="0" cb="0"/><line nr="6638" mi="3" ci="0" mb="0" cb="0"/><line nr="6640" mi="1" ci="0" mb="0" cb="0"/><line nr="6641" mi="4" ci="0" mb="2" cb="0"/><line nr="6642" mi="3" ci="0" mb="0" cb="0"/><line nr="6643" mi="5" ci="0" mb="0" cb="0"/><line nr="6645" mi="2" ci="0" mb="0" cb="0"/><line nr="6647" mi="1" ci="0" mb="0" cb="0"/><line nr="6648" mi="3" ci="0" mb="0" cb="0"/><line nr="6649" mi="1" ci="0" mb="0" cb="0"/><line nr="6652" mi="471" ci="0" mb="0" cb="0"/><line nr="6773" mi="3" ci="0" mb="0" cb="0"/><line nr="6774" mi="1" ci="0" mb="0" cb="0"/><line nr="6777" mi="19" ci="0" mb="0" cb="0"/><line nr="6778" mi="2" ci="0" mb="0" cb="0"/><line nr="6780" mi="5" ci="0" mb="0" cb="0"/><line nr="6782" mi="11" ci="0" mb="0" cb="0"/><line nr="6783" mi="2" ci="0" mb="0" cb="0"/><line nr="6785" mi="5" ci="0" mb="0" cb="0"/><line nr="6787" mi="19" ci="0" mb="0" cb="0"/><line nr="6788" mi="2" ci="0" mb="0" cb="0"/><line nr="6790" mi="5" ci="0" mb="0" cb="0"/><line nr="6792" mi="11" ci="0" mb="0" cb="0"/><line nr="6793" mi="2" ci="0" mb="0" cb="0"/><line nr="6795" mi="5" ci="0" mb="0" cb="0"/><line nr="6797" mi="19" ci="0" mb="0" cb="0"/><line nr="6798" mi="2" ci="0" mb="0" cb="0"/><line nr="6800" mi="5" ci="0" mb="0" cb="0"/><line nr="6802" mi="19" ci="0" mb="0" cb="0"/><line nr="6803" mi="2" ci="0" mb="0" cb="0"/><line nr="6805" mi="5" ci="0" mb="0" cb="0"/><line nr="6807" mi="19" ci="0" mb="0" cb="0"/><line nr="6808" mi="2" ci="0" mb="0" cb="0"/><line nr="6810" mi="5" ci="0" mb="0" cb="0"/><line nr="6812" mi="11" ci="0" mb="0" cb="0"/><line nr="6813" mi="2" ci="0" mb="0" cb="0"/><line nr="6815" mi="5" ci="0" mb="0" cb="0"/><line nr="6817" mi="19" ci="0" mb="0" cb="0"/><line nr="6818" mi="2" ci="0" mb="0" cb="0"/><line nr="6820" mi="5" ci="0" mb="0" cb="0"/><line nr="6822" mi="19" ci="0" mb="0" cb="0"/><line nr="6823" mi="2" ci="0" mb="0" cb="0"/><line nr="6825" mi="5" ci="0" mb="0" cb="0"/><line nr="6827" mi="11" ci="0" mb="0" cb="0"/><line nr="6828" mi="2" ci="0" mb="0" cb="0"/><line nr="6830" mi="5" ci="0" mb="0" cb="0"/><line nr="6832" mi="19" ci="0" mb="0" cb="0"/><line nr="6833" mi="2" ci="0" mb="0" cb="0"/><line nr="6835" mi="5" ci="0" mb="0" cb="0"/><line nr="6837" mi="19" ci="0" mb="0" cb="0"/><line nr="6838" mi="2" ci="0" mb="0" cb="0"/><line nr="6840" mi="5" ci="0" mb="0" cb="0"/><line nr="6842" mi="11" ci="0" mb="0" cb="0"/><line nr="6843" mi="2" ci="0" mb="0" cb="0"/><line nr="6845" mi="5" ci="0" mb="0" cb="0"/><line nr="6847" mi="11" ci="0" mb="0" cb="0"/><line nr="6848" mi="2" ci="0" mb="0" cb="0"/><line nr="6850" mi="5" ci="0" mb="0" cb="0"/><line nr="6852" mi="19" ci="0" mb="0" cb="0"/><line nr="6853" mi="2" ci="0" mb="0" cb="0"/><line nr="6855" mi="5" ci="0" mb="0" cb="0"/><line nr="6857" mi="19" ci="0" mb="0" cb="0"/><line nr="6858" mi="2" ci="0" mb="0" cb="0"/><line nr="6860" mi="5" ci="0" mb="0" cb="0"/><line nr="6862" mi="11" ci="0" mb="0" cb="0"/><line nr="6863" mi="2" ci="0" mb="0" cb="0"/><line nr="6865" mi="5" ci="0" mb="0" cb="0"/><line nr="6867" mi="11" ci="0" mb="0" cb="0"/><line nr="6868" mi="2" ci="0" mb="0" cb="0"/><line nr="6870" mi="5" ci="0" mb="0" cb="0"/><line nr="6872" mi="19" ci="0" mb="0" cb="0"/><line nr="6873" mi="2" ci="0" mb="0" cb="0"/><line nr="6875" mi="5" ci="0" mb="0" cb="0"/><line nr="6877" mi="19" ci="0" mb="0" cb="0"/><line nr="6878" mi="2" ci="0" mb="0" cb="0"/><line nr="6880" mi="5" ci="0" mb="0" cb="0"/><line nr="6882" mi="11" ci="0" mb="0" cb="0"/><line nr="6883" mi="2" ci="0" mb="0" cb="0"/><line nr="6885" mi="5" ci="0" mb="0" cb="0"/><line nr="6887" mi="19" ci="0" mb="0" cb="0"/><line nr="6888" mi="2" ci="0" mb="0" cb="0"/><line nr="6890" mi="5" ci="0" mb="0" cb="0"/><line nr="6892" mi="11" ci="0" mb="0" cb="0"/><line nr="6893" mi="2" ci="0" mb="0" cb="0"/><line nr="6895" mi="5" ci="0" mb="0" cb="0"/><line nr="6897" mi="11" ci="0" mb="0" cb="0"/><line nr="6898" mi="2" ci="0" mb="0" cb="0"/><line nr="6900" mi="5" ci="0" mb="0" cb="0"/><line nr="6902" mi="11" ci="0" mb="0" cb="0"/><line nr="6903" mi="2" ci="0" mb="0" cb="0"/><line nr="6905" mi="5" ci="0" mb="0" cb="0"/><line nr="6907" mi="19" ci="0" mb="0" cb="0"/><line nr="6908" mi="2" ci="0" mb="0" cb="0"/><line nr="6910" mi="5" ci="0" mb="0" cb="0"/><line nr="6912" mi="11" ci="0" mb="0" cb="0"/><line nr="6913" mi="2" ci="0" mb="0" cb="0"/><line nr="6915" mi="5" ci="0" mb="0" cb="0"/><line nr="6917" mi="19" ci="0" mb="0" cb="0"/><line nr="6918" mi="2" ci="0" mb="0" cb="0"/><line nr="6920" mi="5" ci="0" mb="0" cb="0"/><line nr="6922" mi="11" ci="0" mb="0" cb="0"/><line nr="6923" mi="2" ci="0" mb="0" cb="0"/><line nr="6925" mi="5" ci="0" mb="0" cb="0"/><line nr="6927" mi="19" ci="0" mb="0" cb="0"/><line nr="6928" mi="2" ci="0" mb="0" cb="0"/><line nr="6930" mi="5" ci="0" mb="0" cb="0"/><line nr="6932" mi="19" ci="0" mb="0" cb="0"/><line nr="6933" mi="2" ci="0" mb="0" cb="0"/><line nr="6935" mi="5" ci="0" mb="0" cb="0"/><line nr="6937" mi="19" ci="0" mb="0" cb="0"/><line nr="6938" mi="2" ci="0" mb="0" cb="0"/><line nr="6940" mi="5" ci="0" mb="0" cb="0"/><line nr="6942" mi="11" ci="0" mb="0" cb="0"/><line nr="6943" mi="2" ci="0" mb="0" cb="0"/><line nr="6945" mi="5" ci="0" mb="0" cb="0"/><line nr="6947" mi="11" ci="0" mb="0" cb="0"/><line nr="6948" mi="2" ci="0" mb="0" cb="0"/><line nr="6950" mi="5" ci="0" mb="0" cb="0"/><line nr="6952" mi="19" ci="0" mb="0" cb="0"/><line nr="6953" mi="2" ci="0" mb="0" cb="0"/><line nr="6955" mi="5" ci="0" mb="0" cb="0"/><line nr="6957" mi="19" ci="0" mb="0" cb="0"/><line nr="6958" mi="2" ci="0" mb="0" cb="0"/><line nr="6960" mi="5" ci="0" mb="0" cb="0"/><line nr="6962" mi="19" ci="0" mb="0" cb="0"/><line nr="6963" mi="2" ci="0" mb="0" cb="0"/><line nr="6965" mi="5" ci="0" mb="0" cb="0"/><line nr="6967" mi="19" ci="0" mb="0" cb="0"/><line nr="6968" mi="2" ci="0" mb="0" cb="0"/><line nr="6970" mi="5" ci="0" mb="0" cb="0"/><line nr="6972" mi="19" ci="0" mb="0" cb="0"/><line nr="6973" mi="2" ci="0" mb="0" cb="0"/><line nr="6975" mi="5" ci="0" mb="0" cb="0"/><line nr="6977" mi="19" ci="0" mb="0" cb="0"/><line nr="6978" mi="2" ci="0" mb="0" cb="0"/><line nr="6980" mi="5" ci="0" mb="0" cb="0"/><line nr="6982" mi="19" ci="0" mb="0" cb="0"/><line nr="6983" mi="2" ci="0" mb="0" cb="0"/><line nr="6985" mi="5" ci="0" mb="0" cb="0"/><line nr="6987" mi="11" ci="0" mb="0" cb="0"/><line nr="6988" mi="2" ci="0" mb="0" cb="0"/><line nr="6990" mi="5" ci="0" mb="0" cb="0"/><line nr="6992" mi="11" ci="0" mb="0" cb="0"/><line nr="6993" mi="2" ci="0" mb="0" cb="0"/><line nr="6995" mi="5" ci="0" mb="0" cb="0"/><line nr="6997" mi="19" ci="0" mb="0" cb="0"/><line nr="6998" mi="2" ci="0" mb="0" cb="0"/><line nr="7000" mi="5" ci="0" mb="0" cb="0"/><line nr="7002" mi="19" ci="0" mb="0" cb="0"/><line nr="7003" mi="2" ci="0" mb="0" cb="0"/><line nr="7005" mi="5" ci="0" mb="0" cb="0"/><line nr="7007" mi="11" ci="0" mb="0" cb="0"/><line nr="7008" mi="2" ci="0" mb="0" cb="0"/><line nr="7010" mi="5" ci="0" mb="0" cb="0"/><line nr="7012" mi="19" ci="0" mb="0" cb="0"/><line nr="7013" mi="2" ci="0" mb="0" cb="0"/><line nr="7015" mi="5" ci="0" mb="0" cb="0"/><line nr="7017" mi="11" ci="0" mb="0" cb="0"/><line nr="7018" mi="2" ci="0" mb="0" cb="0"/><line nr="7020" mi="5" ci="0" mb="0" cb="0"/><line nr="7022" mi="19" ci="0" mb="0" cb="0"/><line nr="7023" mi="2" ci="0" mb="0" cb="0"/><line nr="7025" mi="5" ci="0" mb="0" cb="0"/><line nr="7027" mi="11" ci="0" mb="0" cb="0"/><line nr="7028" mi="2" ci="0" mb="0" cb="0"/><line nr="7030" mi="5" ci="0" mb="0" cb="0"/><line nr="7032" mi="11" ci="0" mb="0" cb="0"/><line nr="7033" mi="2" ci="0" mb="0" cb="0"/><line nr="7035" mi="5" ci="0" mb="0" cb="0"/><line nr="7037" mi="11" ci="0" mb="0" cb="0"/><line nr="7038" mi="2" ci="0" mb="0" cb="0"/><line nr="7040" mi="5" ci="0" mb="0" cb="0"/><line nr="7042" mi="19" ci="0" mb="0" cb="0"/><line nr="7043" mi="2" ci="0" mb="0" cb="0"/><line nr="7045" mi="5" ci="0" mb="0" cb="0"/><line nr="7047" mi="19" ci="0" mb="0" cb="0"/><line nr="7048" mi="2" ci="0" mb="0" cb="0"/><line nr="7050" mi="5" ci="0" mb="0" cb="0"/><line nr="7052" mi="19" ci="0" mb="0" cb="0"/><line nr="7053" mi="2" ci="0" mb="0" cb="0"/><line nr="7055" mi="5" ci="0" mb="0" cb="0"/><line nr="7057" mi="19" ci="0" mb="0" cb="0"/><line nr="7058" mi="2" ci="0" mb="0" cb="0"/><line nr="7060" mi="5" ci="0" mb="0" cb="0"/><line nr="7062" mi="19" ci="0" mb="0" cb="0"/><line nr="7063" mi="2" ci="0" mb="0" cb="0"/><line nr="7065" mi="5" ci="0" mb="0" cb="0"/><line nr="7067" mi="19" ci="0" mb="0" cb="0"/><line nr="7068" mi="2" ci="0" mb="0" cb="0"/><line nr="7070" mi="5" ci="0" mb="0" cb="0"/><line nr="7072" mi="19" ci="0" mb="0" cb="0"/><line nr="7073" mi="2" ci="0" mb="0" cb="0"/><line nr="7075" mi="5" ci="0" mb="0" cb="0"/><line nr="7077" mi="19" ci="0" mb="0" cb="0"/><line nr="7078" mi="2" ci="0" mb="0" cb="0"/><line nr="7080" mi="5" ci="0" mb="0" cb="0"/><line nr="7082" mi="19" ci="0" mb="0" cb="0"/><line nr="7083" mi="2" ci="0" mb="0" cb="0"/><line nr="7085" mi="5" ci="0" mb="0" cb="0"/><line nr="7087" mi="19" ci="0" mb="0" cb="0"/><line nr="7088" mi="2" ci="0" mb="0" cb="0"/><line nr="7090" mi="5" ci="0" mb="0" cb="0"/><line nr="7092" mi="19" ci="0" mb="0" cb="0"/><line nr="7093" mi="2" ci="0" mb="0" cb="0"/><line nr="7095" mi="5" ci="0" mb="0" cb="0"/><line nr="7097" mi="19" ci="0" mb="0" cb="0"/><line nr="7098" mi="2" ci="0" mb="0" cb="0"/><line nr="7100" mi="5" ci="0" mb="0" cb="0"/><line nr="7102" mi="19" ci="0" mb="0" cb="0"/><line nr="7103" mi="2" ci="0" mb="0" cb="0"/><line nr="7105" mi="5" ci="0" mb="0" cb="0"/><line nr="7107" mi="19" ci="0" mb="0" cb="0"/><line nr="7108" mi="2" ci="0" mb="0" cb="0"/><line nr="7110" mi="5" ci="0" mb="0" cb="0"/><line nr="7112" mi="19" ci="0" mb="0" cb="0"/><line nr="7113" mi="2" ci="0" mb="0" cb="0"/><line nr="7115" mi="5" ci="0" mb="0" cb="0"/><line nr="7117" mi="19" ci="0" mb="0" cb="0"/><line nr="7118" mi="2" ci="0" mb="0" cb="0"/><line nr="7120" mi="5" ci="0" mb="0" cb="0"/><line nr="7122" mi="11" ci="0" mb="0" cb="0"/><line nr="7123" mi="2" ci="0" mb="0" cb="0"/><line nr="7125" mi="6" ci="0" mb="0" cb="0"/><counter type="INSTRUCTION" missed="14621" covered="0"/><counter type="BRANCH" missed="905" covered="0"/><counter type="LINE" missed="3896" covered="0"/><counter type="COMPLEXITY" missed="749" covered="0"/><counter type="METHOD" missed="234" covered="0"/><counter type="CLASS" missed="1" covered="0"/></sourcefile><sourcefile name="ParseState.java"><line nr="57" mi="2" ci="0" mb="0" cb="0"/><line nr="58" mi="3" ci="0" mb="0" cb="0"/><line nr="103" mi="2" ci="0" mb="0" cb="0"/><line nr="104" mi="5" ci="0" mb="0" cb="0"/><line nr="105" mi="3" ci="0" mb="0" cb="0"/><line nr="106" mi="11" ci="0" mb="0" cb="0"/><line nr="109" mi="3" ci="0" mb="0" cb="0"/><line nr="110" mi="1" ci="0" mb="0" cb="0"/><line nr="121" mi="2" ci="0" mb="0" cb="0"/><line nr="123" mi="10" ci="0" mb="0" cb="0"/><line nr="125" mi="7" ci="0" mb="0" cb="0"/><line nr="127" mi="8" ci="0" mb="0" cb="0"/><line nr="129" mi="3" ci="0" mb="0" cb="0"/><line nr="130" mi="5" ci="0" mb="0" cb="0"/><line nr="131" mi="3" ci="0" mb="0" cb="0"/><line nr="132" mi="5" ci="0" mb="0" cb="0"/><line nr="133" mi="11" ci="0" mb="0" cb="0"/><line nr="139" mi="3" ci="0" mb="0" cb="0"/><line nr="140" mi="4" ci="0" mb="0" cb="0"/><line nr="141" mi="1" ci="0" mb="0" cb="0"/><line nr="149" mi="8" ci="0" mb="0" cb="0"/><line nr="150" mi="1" ci="0" mb="0" cb="0"/><line nr="158" mi="8" ci="0" mb="0" cb="0"/><line nr="159" mi="1" ci="0" mb="0" cb="0"/><line nr="165" mi="3" ci="0" mb="0" cb="0"/><line nr="166" mi="1" ci="0" mb="0" cb="0"/><line nr="172" mi="3" ci="0" mb="0" cb="0"/><line nr="181" mi="3" ci="0" mb="0" cb="0"/><line nr="190" mi="3" ci="0" mb="0" cb="0"/><line nr="199" mi="7" ci="0" mb="0" cb="0"/><line nr="200" mi="5" ci="0" mb="0" cb="0"/><line nr="201" mi="6" ci="0" mb="0" cb="0"/><line nr="202" mi="5" ci="0" mb="0" cb="0"/><line nr="209" mi="3" ci="0" mb="0" cb="0"/><line nr="210" mi="3" ci="0" mb="0" cb="0"/><line nr="211" mi="1" ci="0" mb="0" cb="0"/><line nr="219" mi="3" ci="0" mb="0" cb="0"/><line nr="229" mi="5" ci="0" mb="0" cb="0"/><line nr="230" mi="1" ci="0" mb="0" cb="0"/><line nr="237" mi="3" ci="0" mb="2" cb="0"/><line nr="238" mi="1" ci="0" mb="0" cb="0"/><line nr="240" mi="10" ci="0" mb="2" cb="0"/><line nr="241" mi="5" ci="0" mb="0" cb="0"/><line nr="242" mi="3" ci="0" mb="0" cb="0"/><line nr="243" mi="1" ci="0" mb="0" cb="0"/><line nr="244" mi="1" ci="0" mb="0" cb="0"/><line nr="251" mi="3" ci="0" mb="2" cb="0"/><line nr="252" mi="1" ci="0" mb="0" cb="0"/><line nr="254" mi="10" ci="0" mb="2" cb="0"/><line nr="255" mi="4" ci="0" mb="2" cb="0"/><line nr="256" mi="3" ci="0" mb="0" cb="0"/><line nr="258" mi="1" ci="0" mb="0" cb="0"/><line nr="259" mi="1" ci="0" mb="0" cb="0"/><line nr="268" mi="5" ci="0" mb="0" cb="0"/><line nr="269" mi="1" ci="0" mb="0" cb="0"/><line nr="278" mi="10" ci="0" mb="2" cb="0"/><line nr="279" mi="6" ci="0" mb="2" cb="0"/><line nr="280" mi="2" ci="0" mb="0" cb="0"/><line nr="282" mi="1" ci="0" mb="0" cb="0"/><line nr="283" mi="2" ci="0" mb="0" cb="0"/><line nr="293" mi="4" ci="0" mb="0" cb="0"/><line nr="294" mi="10" ci="0" mb="2" cb="0"/><line nr="295" mi="6" ci="0" mb="2" cb="0"/><line nr="296" mi="4" ci="0" mb="0" cb="0"/><line nr="298" mi="1" ci="0" mb="0" cb="0"/><line nr="299" mi="2" ci="0" mb="0" cb="0"/><line nr="309" mi="10" ci="0" mb="2" cb="0"/><line nr="310" mi="5" ci="0" mb="2" cb="0"/><line nr="311" mi="5" ci="0" mb="2" cb="0"/><line nr="312" mi="2" ci="0" mb="0" cb="0"/><line nr="314" mi="1" ci="0" mb="0" cb="0"/><line nr="315" mi="2" ci="0" mb="0" cb="0"/><line nr="325" mi="10" ci="0" mb="2" cb="0"/><line nr="326" mi="5" ci="0" mb="2" cb="0"/><line nr="327" mi="5" ci="0" mb="2" cb="0"/><line nr="328" mi="2" ci="0" mb="0" cb="0"/><line nr="330" mi="1" ci="0" mb="0" cb="0"/><line nr="331" mi="2" ci="0" mb="0" cb="0"/><line nr="341" mi="10" ci="0" mb="2" cb="0"/><line nr="342" mi="5" ci="0" mb="2" cb="0"/><line nr="343" mi="5" ci="0" mb="2" cb="0"/><line nr="344" mi="2" ci="0" mb="0" cb="0"/><line nr="346" mi="1" ci="0" mb="0" cb="0"/><line nr="347" mi="2" ci="0" mb="0" cb="0"/><counter type="INSTRUCTION" missed="338" covered="0"/><counter type="BRANCH" missed="36" covered="0"/><counter type="LINE" missed="84" covered="0"/><counter type="COMPLEXITY" missed="39" covered="0"/><counter type="METHOD" missed="21" covered="0"/><counter type="CLASS" missed="1" covered="0"/></sourcefile><counter type="INSTRUCTION" missed="23003" covered="0"/><counter type="BRANCH" missed="1897" covered="0"/><counter type="LINE" missed="5720" covered="0"/><counter type="COMPLEXITY" missed="1462" covered="0"/><counter type="METHOD" missed="415" covered="0"/><counter type="CLASS" missed="14" covered="0"/></package><counter type="INSTRUCTION" missed="23003" covered="0"/><counter type="BRANCH" missed="1897" covered="0"/><counter type="LINE" missed="5720" covered="0"/><counter type="COMPLEXITY" missed="1462" covered="0"/><counter type="METHOD" missed="415" covered="0"/><counter type="CLASS" missed="14" covered="0"/></report>